  [1m[35m (217.0ms)[0m  [1m[35mCREATE DATABASE "noticeboard_app_api_development" ENCODING = 'unicode'[0m
  [1m[35m (110.1ms)[0m  [1m[35mCREATE DATABASE "noticeboard_app_api_test" ENCODING = 'unicode'[0m
  [1m[35m (61.2ms)[0m  [1m[35mCREATE TABLE "schema_migrations" ("version" character varying NOT NULL PRIMARY KEY)[0m
  [1m[35m (6.6ms)[0m  [1m[35mCREATE TABLE "ar_internal_metadata" ("key" character varying NOT NULL PRIMARY KEY, "value" character varying, "created_at" timestamp(6) NOT NULL, "updated_at" timestamp(6) NOT NULL)[0m
  [1m[35m (2.0ms)[0m  [1m[34mSELECT pg_try_advisory_lock(2294373376959684510)[0m
  [1m[35m (1.9ms)[0m  [1m[34mSELECT "schema_migrations"."version" FROM "schema_migrations" ORDER BY "schema_migrations"."version" ASC[0m
Migrating to CreateNotices (20200128112150)
  [1m[35m (0.2ms)[0m  [1m[35mBEGIN[0m
  [1m[35m (10.9ms)[0m  [1m[35mCREATE TABLE "notices" ("id" bigserial primary key, "title" character varying, "author" character varying, "content" character varying, "created_at" timestamp(6) NOT NULL, "updated_at" timestamp(6) NOT NULL)[0m
  [1m[36mprimary::SchemaMigration Create (2.6ms)[0m  [1m[32mINSERT INTO "schema_migrations" ("version") VALUES ($1) RETURNING "version"[0m  [["version", "20200128112150"]]
  [1m[35m (0.4ms)[0m  [1m[35mCOMMIT[0m
  [1m[36mActiveRecord::InternalMetadata Load (0.9ms)[0m  [1m[34mSELECT "ar_internal_metadata".* FROM "ar_internal_metadata" WHERE "ar_internal_metadata"."key" = $1 LIMIT $2[0m  [["key", "environment"], ["LIMIT", 1]]
  [1m[35m (0.2ms)[0m  [1m[35mBEGIN[0m
  [1m[36mActiveRecord::InternalMetadata Create (1.6ms)[0m  [1m[32mINSERT INTO "ar_internal_metadata" ("key", "value", "created_at", "updated_at") VALUES ($1, $2, $3, $4) RETURNING "key"[0m  [["key", "environment"], ["value", "development"], ["created_at", "2020-01-28 11:38:27.138697"], ["updated_at", "2020-01-28 11:38:27.138697"]]
  [1m[35m (0.4ms)[0m  [1m[35mCOMMIT[0m
  [1m[35m (0.3ms)[0m  [1m[34mSELECT pg_advisory_unlock(2294373376959684510)[0m
  [1m[35m (1.1ms)[0m  [1m[34mSELECT "schema_migrations"."version" FROM "schema_migrations" ORDER BY "schema_migrations"."version" ASC[0m
Started GET "/" for ::1 at 2020-01-28 19:39:51 +0800
  [1m[35m (0.5ms)[0m  [1m[34mSELECT "schema_migrations"."version" FROM "schema_migrations" ORDER BY "schema_migrations"."version" ASC[0m
Processing by Rails::WelcomeController#index as HTML
  Rendering /Users/shahranirahiman/.rbenv/versions/2.6.3/lib/ruby/gems/2.6.0/gems/railties-6.0.2.1/lib/rails/templates/rails/welcome/index.html.erb
  Rendered /Users/shahranirahiman/.rbenv/versions/2.6.3/lib/ruby/gems/2.6.0/gems/railties-6.0.2.1/lib/rails/templates/rails/welcome/index.html.erb (Duration: 14.9ms | Allocations: 480)
Completed 200 OK in 33ms (Views: 25.4ms | ActiveRecord: 0.0ms | Allocations: 2610)


Started GET "/favicon.ico" for ::1 at 2020-01-28 19:39:52 +0800
  
ActionController::RoutingError (No route matches [GET] "/favicon.ico"):
  
actionpack (6.0.2.1) lib/action_dispatch/middleware/debug_exceptions.rb:36:in `call'
actionpack (6.0.2.1) lib/action_dispatch/middleware/show_exceptions.rb:33:in `call'
railties (6.0.2.1) lib/rails/rack/logger.rb:38:in `call_app'
railties (6.0.2.1) lib/rails/rack/logger.rb:26:in `block in call'
activesupport (6.0.2.1) lib/active_support/tagged_logging.rb:80:in `block in tagged'
activesupport (6.0.2.1) lib/active_support/tagged_logging.rb:28:in `tagged'
activesupport (6.0.2.1) lib/active_support/tagged_logging.rb:80:in `tagged'
railties (6.0.2.1) lib/rails/rack/logger.rb:26:in `call'
actionpack (6.0.2.1) lib/action_dispatch/middleware/remote_ip.rb:81:in `call'
actionpack (6.0.2.1) lib/action_dispatch/middleware/request_id.rb:27:in `call'
rack (2.1.2) lib/rack/runtime.rb:24:in `call'
activesupport (6.0.2.1) lib/active_support/cache/strategy/local_cache_middleware.rb:29:in `call'
actionpack (6.0.2.1) lib/action_dispatch/middleware/executor.rb:14:in `call'
actionpack (6.0.2.1) lib/action_dispatch/middleware/static.rb:126:in `call'
rack (2.1.2) lib/rack/sendfile.rb:113:in `call'
actionpack (6.0.2.1) lib/action_dispatch/middleware/host_authorization.rb:83:in `call'
railties (6.0.2.1) lib/rails/engine.rb:526:in `call'
puma (4.3.1) lib/puma/configuration.rb:228:in `call'
puma (4.3.1) lib/puma/server.rb:681:in `handle_request'
puma (4.3.1) lib/puma/server.rb:472:in `process_client'
puma (4.3.1) lib/puma/server.rb:328:in `block in run'
puma (4.3.1) lib/puma/thread_pool.rb:134:in `block in spawn_thread'
Started GET "/notices" for ::1 at 2020-01-28 19:39:58 +0800
Processing by NoticesController#index as HTML
  [1m[36mNotice Load (1.3ms)[0m  [1m[34mSELECT "notices".* FROM "notices"[0m
  ↳ app/controllers/notices_controller.rb:8:in `index'
Completed 200 OK in 14ms (Views: 4.3ms | ActiveRecord: 2.9ms | Allocations: 1816)


  [1m[35m (0.9ms)[0m  [1m[34mSELECT "schema_migrations"."version" FROM "schema_migrations" ORDER BY "schema_migrations"."version" ASC[0m
  [1m[35m (0.7ms)[0m  [1m[34mSELECT "schema_migrations"."version" FROM "schema_migrations" ORDER BY "schema_migrations"."version" ASC[0m
  [1m[35m (0.7ms)[0m  [1m[34mSELECT "schema_migrations"."version" FROM "schema_migrations" ORDER BY "schema_migrations"."version" ASC[0m
  [1m[35m (0.8ms)[0m  [1m[34mSELECT "schema_migrations"."version" FROM "schema_migrations" ORDER BY "schema_migrations"."version" ASC[0m
  [1m[35m (0.7ms)[0m  [1m[34mSELECT "schema_migrations"."version" FROM "schema_migrations" ORDER BY "schema_migrations"."version" ASC[0m
Started GET "/notices" for ::1 at 2020-01-28 19:44:07 +0800
  [1m[35m (0.6ms)[0m  [1m[34mSELECT "schema_migrations"."version" FROM "schema_migrations" ORDER BY "schema_migrations"."version" ASC[0m
Processing by NoticesController#index as HTML
  [1m[36mNotice Load (0.5ms)[0m  [1m[34mSELECT "notices".* FROM "notices"[0m
  ↳ app/controllers/notices_controller.rb:8:in `index'
Completed 200 OK in 6ms (Views: 2.2ms | ActiveRecord: 1.8ms | Allocations: 1637)


  [1m[35m (0.7ms)[0m  [1m[34mSELECT "schema_migrations"."version" FROM "schema_migrations" ORDER BY "schema_migrations"."version" ASC[0m
  [1m[35m (0.9ms)[0m  [1m[34mSELECT "schema_migrations"."version" FROM "schema_migrations" ORDER BY "schema_migrations"."version" ASC[0m
  [1m[35m (0.2ms)[0m  [1m[35mBEGIN[0m
  [1m[36mNotice Create (1.8ms)[0m  [1m[32mINSERT INTO "notices" ("title", "author", "content", "created_at", "updated_at") VALUES ($1, $2, $3, $4, $5) RETURNING "id"[0m  [["title", "I have no idea where this will lead us. But I have a definite feeling it will be a place both wonderful and strange."], ["author", "Heru-ur"], ["content", "Sapiente consequatur ut. Voluptas expedita officia. Delectus tempora voluptatem."], ["created_at", "2020-01-28 11:46:08.026833"], ["updated_at", "2020-01-28 11:46:08.026833"]]
  [1m[35m (0.4ms)[0m  [1m[35mCOMMIT[0m
  [1m[35m (0.1ms)[0m  [1m[35mBEGIN[0m
  [1m[36mNotice Create (0.3ms)[0m  [1m[32mINSERT INTO "notices" ("title", "author", "content", "created_at", "updated_at") VALUES ($1, $2, $3, $4, $5) RETURNING "id"[0m  [["title", "That gum you like is going to come back in style."], ["author", "Cassandra"], ["content", "Voluptatibus nam ea. Qui quam in. Illo id nobis."], ["created_at", "2020-01-28 11:46:08.033095"], ["updated_at", "2020-01-28 11:46:08.033095"]]
  [1m[35m (0.5ms)[0m  [1m[35mCOMMIT[0m
  [1m[35m (0.1ms)[0m  [1m[35mBEGIN[0m
  [1m[36mNotice Create (0.3ms)[0m  [1m[32mINSERT INTO "notices" ("title", "author", "content", "created_at", "updated_at") VALUES ($1, $2, $3, $4, $5) RETURNING "id"[0m  [["title", "Every day, once a day, give yourself a present."], ["author", "Jonas Quinn"], ["content", "Sequi praesentium esse. Labore accusamus ut. Adipisci perspiciatis possimus."], ["created_at", "2020-01-28 11:46:08.037728"], ["updated_at", "2020-01-28 11:46:08.037728"]]
  [1m[35m (0.5ms)[0m  [1m[35mCOMMIT[0m
  [1m[35m (0.1ms)[0m  [1m[35mBEGIN[0m
  [1m[36mNotice Create (1.2ms)[0m  [1m[32mINSERT INTO "notices" ("title", "author", "content", "created_at", "updated_at") VALUES ($1, $2, $3, $4, $5) RETURNING "id"[0m  [["title", "J'ai une âme solitaire."], ["author", "Lantash"], ["content", "Quae eveniet nobis. Itaque dolor ut. Harum amet necessitatibus."], ["created_at", "2020-01-28 11:46:08.042287"], ["updated_at", "2020-01-28 11:46:08.042287"]]
  [1m[35m (0.5ms)[0m  [1m[35mCOMMIT[0m
  [1m[35m (0.2ms)[0m  [1m[35mBEGIN[0m
  [1m[36mNotice Create (0.3ms)[0m  [1m[32mINSERT INTO "notices" ("title", "author", "content", "created_at", "updated_at") VALUES ($1, $2, $3, $4, $5) RETURNING "id"[0m  [["title", "Sometimes jokes are welcome. Like the one about the kid who said: \"I enjoyed school. It was just the principal of the thing.\""], ["author", "Osiris"], ["content", "Recusandae veritatis sint. Aspernatur quo eum. Consequatur velit accusamus."], ["created_at", "2020-01-28 11:46:08.047726"], ["updated_at", "2020-01-28 11:46:08.047726"]]
  [1m[35m (0.5ms)[0m  [1m[35mCOMMIT[0m
  [1m[35m (0.1ms)[0m  [1m[35mBEGIN[0m
  [1m[36mNotice Create (0.3ms)[0m  [1m[32mINSERT INTO "notices" ("title", "author", "content", "created_at", "updated_at") VALUES ($1, $2, $3, $4, $5) RETURNING "id"[0m  [["title", "There was a fish in the percolator!"], ["author", "Selmak"], ["content", "Excepturi ex velit. Odit occaecati qui. Optio eveniet nemo."], ["created_at", "2020-01-28 11:46:08.051750"], ["updated_at", "2020-01-28 11:46:08.051750"]]
  [1m[35m (0.4ms)[0m  [1m[35mCOMMIT[0m
  [1m[35m (0.1ms)[0m  [1m[35mBEGIN[0m
  [1m[36mNotice Create (0.3ms)[0m  [1m[32mINSERT INTO "notices" ("title", "author", "content", "created_at", "updated_at") VALUES ($1, $2, $3, $4, $5) RETURNING "id"[0m  [["title", "She's dead... Wrapped in plastic."], ["author", "Selmak"], ["content", "Ut numquam molestiae. Qui debitis velit. Expedita officiis dolorum."], ["created_at", "2020-01-28 11:46:08.055671"], ["updated_at", "2020-01-28 11:46:08.055671"]]
  [1m[35m (0.5ms)[0m  [1m[35mCOMMIT[0m
  [1m[35m (0.1ms)[0m  [1m[35mBEGIN[0m
  [1m[36mNotice Create (0.2ms)[0m  [1m[32mINSERT INTO "notices" ("title", "author", "content", "created_at", "updated_at") VALUES ($1, $2, $3, $4, $5) RETURNING "id"[0m  [["title", "Cooper, you may be fearless in this world, but there are other worlds."], ["author", "Skaara"], ["content", "Molestiae et illo. Sit quis quia. Aut quisquam voluptatem."], ["created_at", "2020-01-28 11:46:08.059631"], ["updated_at", "2020-01-28 11:46:08.059631"]]
  [1m[35m (0.4ms)[0m  [1m[35mCOMMIT[0m
  [1m[35m (0.1ms)[0m  [1m[35mBEGIN[0m
  [1m[36mNotice Create (0.3ms)[0m  [1m[32mINSERT INTO "notices" ("title", "author", "content", "created_at", "updated_at") VALUES ($1, $2, $3, $4, $5) RETURNING "id"[0m  [["title", "There was a fish in the percolator!"], ["author", "Klorel"], ["content", "Ut fugiat autem. Doloribus ducimus nobis. Enim quaerat quia."], ["created_at", "2020-01-28 11:46:08.063452"], ["updated_at", "2020-01-28 11:46:08.063452"]]
  [1m[35m (0.4ms)[0m  [1m[35mCOMMIT[0m
  [1m[35m (0.1ms)[0m  [1m[35mBEGIN[0m
  [1m[36mNotice Create (0.3ms)[0m  [1m[32mINSERT INTO "notices" ("title", "author", "content", "created_at", "updated_at") VALUES ($1, $2, $3, $4, $5) RETURNING "id"[0m  [["title", "There's nothing quite like urinating in the open air."], ["author", "Ra"], ["content", "Iste repellat dolorem. Qui sunt dolor. Voluptatem voluptates praesentium."], ["created_at", "2020-01-28 11:46:08.067366"], ["updated_at", "2020-01-28 11:46:08.067366"]]
  [1m[35m (0.5ms)[0m  [1m[35mCOMMIT[0m
  [1m[35m (0.2ms)[0m  [1m[35mBEGIN[0m
  [1m[36mNotice Create (0.3ms)[0m  [1m[32mINSERT INTO "notices" ("title", "author", "content", "created_at", "updated_at") VALUES ($1, $2, $3, $4, $5) RETURNING "id"[0m  [["title", "I don't wanna talk. I wanna shoot."], ["author", "Thor"], ["content", "Molestiae sapiente natus. Recusandae adipisci tenetur. Aperiam eius aliquam."], ["created_at", "2020-01-28 11:46:08.071981"], ["updated_at", "2020-01-28 11:46:08.071981"]]
  [1m[35m (0.4ms)[0m  [1m[35mCOMMIT[0m
  [1m[35m (0.1ms)[0m  [1m[35mBEGIN[0m
  [1m[36mNotice Create (0.2ms)[0m  [1m[32mINSERT INTO "notices" ("title", "author", "content", "created_at", "updated_at") VALUES ($1, $2, $3, $4, $5) RETURNING "id"[0m  [["title", "It has been a pleasure speaking to you."], ["author", "Janet Frasier"], ["content", "Dolore et aliquid. Vel provident ipsum. Ut illum dolorum."], ["created_at", "2020-01-28 11:46:08.076053"], ["updated_at", "2020-01-28 11:46:08.076053"]]
  [1m[35m (0.5ms)[0m  [1m[35mCOMMIT[0m
  [1m[35m (0.1ms)[0m  [1m[35mBEGIN[0m
  [1m[36mNotice Create (0.2ms)[0m  [1m[32mINSERT INTO "notices" ("title", "author", "content", "created_at", "updated_at") VALUES ($1, $2, $3, $4, $5) RETURNING "id"[0m  [["title", "Damn fine coffee! And hot!"], ["author", "Selmak"], ["content", "Ipsa accusamus optio. Suscipit repellendus veniam. Praesentium temporibus et."], ["created_at", "2020-01-28 11:46:08.079906"], ["updated_at", "2020-01-28 11:46:08.079906"]]
  [1m[35m (0.3ms)[0m  [1m[35mCOMMIT[0m
  [1m[35m (0.1ms)[0m  [1m[35mBEGIN[0m
  [1m[36mNotice Create (0.3ms)[0m  [1m[32mINSERT INTO "notices" ("title", "author", "content", "created_at", "updated_at") VALUES ($1, $2, $3, $4, $5) RETURNING "id"[0m  [["title", "Cooper, you may be fearless in this world, but there are other worlds."], ["author", "Amonet"], ["content", "Sed deleniti dolor. Nobis ut qui. Veritatis aut assumenda."], ["created_at", "2020-01-28 11:46:08.083570"], ["updated_at", "2020-01-28 11:46:08.083570"]]
  [1m[35m (0.4ms)[0m  [1m[35mCOMMIT[0m
  [1m[35m (0.1ms)[0m  [1m[35mBEGIN[0m
  [1m[36mNotice Create (0.2ms)[0m  [1m[32mINSERT INTO "notices" ("title", "author", "content", "created_at", "updated_at") VALUES ($1, $2, $3, $4, $5) RETURNING "id"[0m  [["title", "There's nothing quite like urinating in the open air."], ["author", "Lantash"], ["content", "Mollitia dignissimos magnam. Velit nostrum saepe. Accusamus iste distinctio."], ["created_at", "2020-01-28 11:46:08.087342"], ["updated_at", "2020-01-28 11:46:08.087342"]]
  [1m[35m (0.4ms)[0m  [1m[35mCOMMIT[0m
  [1m[35m (0.2ms)[0m  [1m[35mBEGIN[0m
  [1m[36mNotice Create (0.3ms)[0m  [1m[32mINSERT INTO "notices" ("title", "author", "content", "created_at", "updated_at") VALUES ($1, $2, $3, $4, $5) RETURNING "id"[0m  [["title", "How's Annie? How's Annie? How's Annie?"], ["author", "Jacob Carter"], ["content", "Ipsum ut id. Pariatur quos recusandae. Qui ea molestiae."], ["created_at", "2020-01-28 11:46:08.091146"], ["updated_at", "2020-01-28 11:46:08.091146"]]
  [1m[35m (0.4ms)[0m  [1m[35mCOMMIT[0m
  [1m[35m (0.1ms)[0m  [1m[35mBEGIN[0m
  [1m[36mNotice Create (0.2ms)[0m  [1m[32mINSERT INTO "notices" ("title", "author", "content", "created_at", "updated_at") VALUES ($1, $2, $3, $4, $5) RETURNING "id"[0m  [["title", "Harry, is that bag smiling?"], ["author", "Anubis"], ["content", "Illo fugit ipsum. Autem sunt non. Consequuntur rerum cum."], ["created_at", "2020-01-28 11:46:08.095300"], ["updated_at", "2020-01-28 11:46:08.095300"]]
  [1m[35m (0.4ms)[0m  [1m[35mCOMMIT[0m
  [1m[35m (0.1ms)[0m  [1m[35mBEGIN[0m
  [1m[36mNotice Create (0.2ms)[0m  [1m[32mINSERT INTO "notices" ("title", "author", "content", "created_at", "updated_at") VALUES ($1, $2, $3, $4, $5) RETURNING "id"[0m  [["title", "COOPER, YOU REMIND ME TODAY OF A SMALL MEXICAN CHIHUAHUA."], ["author", "Jack O'Neill"], ["content", "Officiis aspernatur non. Dolores magnam est. Tenetur dolor laboriosam."], ["created_at", "2020-01-28 11:46:08.099076"], ["updated_at", "2020-01-28 11:46:08.099076"]]
  [1m[35m (0.4ms)[0m  [1m[35mCOMMIT[0m
  [1m[35m (0.1ms)[0m  [1m[35mBEGIN[0m
  [1m[36mNotice Create (1.2ms)[0m  [1m[32mINSERT INTO "notices" ("title", "author", "content", "created_at", "updated_at") VALUES ($1, $2, $3, $4, $5) RETURNING "id"[0m  [["title", "You know, this is — excuse me — a damn fine cup of coffee!"], ["author", "Samantha Carter"], ["content", "Odit dolorem molestiae. Hic quae facilis. Adipisci dolor molestiae."], ["created_at", "2020-01-28 11:46:08.102790"], ["updated_at", "2020-01-28 11:46:08.102790"]]
  [1m[35m (0.6ms)[0m  [1m[35mCOMMIT[0m
  [1m[35m (0.1ms)[0m  [1m[35mBEGIN[0m
  [1m[36mNotice Create (0.2ms)[0m  [1m[32mINSERT INTO "notices" ("title", "author", "content", "created_at", "updated_at") VALUES ($1, $2, $3, $4, $5) RETURNING "id"[0m  [["title", "Through the darkness of future's past, the magician longs to see. One chants out between two worlds... \"Fire... walk with me.\""], ["author", "Ba'al"], ["content", "Iusto quis culpa. Optio repudiandae ad. Sit temporibus neque."], ["created_at", "2020-01-28 11:46:08.108253"], ["updated_at", "2020-01-28 11:46:08.108253"]]
  [1m[35m (0.4ms)[0m  [1m[35mCOMMIT[0m
  [1m[35m (0.1ms)[0m  [1m[35mBEGIN[0m
  [1m[36mNotice Create (0.2ms)[0m  [1m[32mINSERT INTO "notices" ("title", "author", "content", "created_at", "updated_at") VALUES ($1, $2, $3, $4, $5) RETURNING "id"[0m  [["title", "I don't wanna talk. I wanna shoot."], ["author", "Kasuf"], ["content", "Iusto voluptatem soluta. Iste labore fuga. Modi dolor tempore."], ["created_at", "2020-01-28 11:46:08.112170"], ["updated_at", "2020-01-28 11:46:08.112170"]]
  [1m[35m (0.4ms)[0m  [1m[35mCOMMIT[0m
  [1m[35m (0.1ms)[0m  [1m[35mBEGIN[0m
  [1m[36mNotice Create (0.3ms)[0m  [1m[32mINSERT INTO "notices" ("title", "author", "content", "created_at", "updated_at") VALUES ($1, $2, $3, $4, $5) RETURNING "id"[0m  [["title", "The owls are not what they seem."], ["author", "Sokar"], ["content", "Neque reprehenderit commodi. In ea perferendis. Dolore commodi veritatis."], ["created_at", "2020-01-28 11:46:08.116132"], ["updated_at", "2020-01-28 11:46:08.116132"]]
  [1m[35m (0.4ms)[0m  [1m[35mCOMMIT[0m
  [1m[35m (0.1ms)[0m  [1m[35mBEGIN[0m
  [1m[36mNotice Create (0.3ms)[0m  [1m[32mINSERT INTO "notices" ("title", "author", "content", "created_at", "updated_at") VALUES ($1, $2, $3, $4, $5) RETURNING "id"[0m  [["title", "Every day, once a day, give yourself a present."], ["author", "Amonet"], ["content", "Magnam a assumenda. Qui officia vero. Delectus exercitationem magnam."], ["created_at", "2020-01-28 11:46:08.120068"], ["updated_at", "2020-01-28 11:46:08.120068"]]
  [1m[35m (0.4ms)[0m  [1m[35mCOMMIT[0m
  [1m[35m (0.1ms)[0m  [1m[35mBEGIN[0m
  [1m[36mNotice Create (0.3ms)[0m  [1m[32mINSERT INTO "notices" ("title", "author", "content", "created_at", "updated_at") VALUES ($1, $2, $3, $4, $5) RETURNING "id"[0m  [["title", "Windom Earle's mind is like a diamond. It's cold, and hard, and brilliant."], ["author", "Daniel Jackson"], ["content", "Qui ipsam repellat. Quia iste hic. Quod esse consequatur."], ["created_at", "2020-01-28 11:46:08.123984"], ["updated_at", "2020-01-28 11:46:08.123984"]]
  [1m[35m (0.4ms)[0m  [1m[35mCOMMIT[0m
  [1m[35m (0.1ms)[0m  [1m[35mBEGIN[0m
  [1m[36mNotice Create (0.2ms)[0m  [1m[32mINSERT INTO "notices" ("title", "author", "content", "created_at", "updated_at") VALUES ($1, $2, $3, $4, $5) RETURNING "id"[0m  [["title", "There was a fish in the percolator!"], ["author", "Jack O'Neill"], ["content", "Ex maxime accusantium. Ex cupiditate mollitia. Laudantium occaecati et."], ["created_at", "2020-01-28 11:46:08.127745"], ["updated_at", "2020-01-28 11:46:08.127745"]]
  [1m[35m (0.5ms)[0m  [1m[35mCOMMIT[0m
  [1m[35m (0.1ms)[0m  [1m[35mBEGIN[0m
  [1m[36mNotice Create (0.2ms)[0m  [1m[32mINSERT INTO "notices" ("title", "author", "content", "created_at", "updated_at") VALUES ($1, $2, $3, $4, $5) RETURNING "id"[0m  [["title", "Do you want to know what the ultimate secret is? Laura did. The secret of knowing who killed you."], ["author", "Bra'tac"], ["content", "Et cum sunt. Repudiandae aperiam ab. Sit commodi possimus."], ["created_at", "2020-01-28 11:46:08.145686"], ["updated_at", "2020-01-28 11:46:08.145686"]]
  [1m[35m (0.4ms)[0m  [1m[35mCOMMIT[0m
  [1m[35m (0.1ms)[0m  [1m[35mBEGIN[0m
  [1m[36mNotice Create (0.2ms)[0m  [1m[32mINSERT INTO "notices" ("title", "author", "content", "created_at", "updated_at") VALUES ($1, $2, $3, $4, $5) RETURNING "id"[0m  [["title", "That gum you like is going to come back in style."], ["author", "Sha're"], ["content", "Et est suscipit. Sit dolor deleniti. Inventore dolorem nostrum."], ["created_at", "2020-01-28 11:46:08.149376"], ["updated_at", "2020-01-28 11:46:08.149376"]]
  [1m[35m (0.4ms)[0m  [1m[35mCOMMIT[0m
  [1m[35m (0.1ms)[0m  [1m[35mBEGIN[0m
  [1m[36mNotice Create (0.3ms)[0m  [1m[32mINSERT INTO "notices" ("title", "author", "content", "created_at", "updated_at") VALUES ($1, $2, $3, $4, $5) RETURNING "id"[0m  [["title", "The owls are not what they seem."], ["author", "Klorel"], ["content", "Molestiae dolore nam. Est quia consectetur. Sequi ut ut."], ["created_at", "2020-01-28 11:46:08.153155"], ["updated_at", "2020-01-28 11:46:08.153155"]]
  [1m[35m (0.4ms)[0m  [1m[35mCOMMIT[0m
  [1m[35m (0.1ms)[0m  [1m[35mBEGIN[0m
  [1m[36mNotice Create (0.2ms)[0m  [1m[32mINSERT INTO "notices" ("title", "author", "content", "created_at", "updated_at") VALUES ($1, $2, $3, $4, $5) RETURNING "id"[0m  [["title", "Do you want to know what the ultimate secret is? Laura did. The secret of knowing who killed you."], ["author", "Jonas Quinn"], ["content", "Sunt minima excepturi. Ullam voluptatem quia. Enim ut et."], ["created_at", "2020-01-28 11:46:08.156765"], ["updated_at", "2020-01-28 11:46:08.156765"]]
  [1m[35m (0.4ms)[0m  [1m[35mCOMMIT[0m
  [1m[35m (0.1ms)[0m  [1m[35mBEGIN[0m
  [1m[36mNotice Create (0.2ms)[0m  [1m[32mINSERT INTO "notices" ("title", "author", "content", "created_at", "updated_at") VALUES ($1, $2, $3, $4, $5) RETURNING "id"[0m  [["title", "It has been a pleasure speaking to you."], ["author", "Jolinar"], ["content", "Eum ut aut. Soluta sit quia. Aliquam rem officiis."], ["created_at", "2020-01-28 11:46:08.160292"], ["updated_at", "2020-01-28 11:46:08.160292"]]
  [1m[35m (0.4ms)[0m  [1m[35mCOMMIT[0m
  [1m[35m (0.1ms)[0m  [1m[35mBEGIN[0m
  [1m[36mNotice Create (0.2ms)[0m  [1m[32mINSERT INTO "notices" ("title", "author", "content", "created_at", "updated_at") VALUES ($1, $2, $3, $4, $5) RETURNING "id"[0m  [["title", "Pie. Whoever invented the pie? Here was a great person."], ["author", "Samantha Carter"], ["content", "Quas sit quia. Dolores expedita aut. In vel doloremque."], ["created_at", "2020-01-28 11:46:08.163868"], ["updated_at", "2020-01-28 11:46:08.163868"]]
  [1m[35m (0.5ms)[0m  [1m[35mCOMMIT[0m
  [1m[35m (0.1ms)[0m  [1m[35mBEGIN[0m
  [1m[36mNotice Create (0.2ms)[0m  [1m[32mINSERT INTO "notices" ("title", "author", "content", "created_at", "updated_at") VALUES ($1, $2, $3, $4, $5) RETURNING "id"[0m  [["title", "YOU ARE WITNESSING A FRONT THREE-QUARTER VIEW OF TWO ADULTS SHARING A TENDER MOMENT"], ["author", "Jonas Quinn"], ["content", "Aliquam temporibus et. Rerum accusantium accusamus. Aut porro quos."], ["created_at", "2020-01-28 11:46:08.167514"], ["updated_at", "2020-01-28 11:46:08.167514"]]
  [1m[35m (0.3ms)[0m  [1m[35mCOMMIT[0m
  [1m[35m (0.1ms)[0m  [1m[35mBEGIN[0m
  [1m[36mNotice Create (0.4ms)[0m  [1m[32mINSERT INTO "notices" ("title", "author", "content", "created_at", "updated_at") VALUES ($1, $2, $3, $4, $5) RETURNING "id"[0m  [["title", "Will this sadness that makes me cry my heart out — will it ever end? The answer, of course, is yes. One day the sadness will end."], ["author", "Martouf"], ["content", "Fugit officiis dignissimos. Sit ut dignissimos. Modi est in."], ["created_at", "2020-01-28 11:46:08.170866"], ["updated_at", "2020-01-28 11:46:08.170866"]]
  [1m[35m (0.5ms)[0m  [1m[35mCOMMIT[0m
  [1m[35m (0.1ms)[0m  [1m[35mBEGIN[0m
  [1m[36mNotice Create (0.2ms)[0m  [1m[32mINSERT INTO "notices" ("title", "author", "content", "created_at", "updated_at") VALUES ($1, $2, $3, $4, $5) RETURNING "id"[0m  [["title", "MAY A SMILE BE YOUR UMBRELLA. WE'VE ALL HAD OUR SOCKS TOSSED AROUND."], ["author", "Apophis"], ["content", "At aut facere. Ab non mollitia. Dolores sunt voluptas."], ["created_at", "2020-01-28 11:46:08.174942"], ["updated_at", "2020-01-28 11:46:08.174942"]]
  [1m[35m (0.4ms)[0m  [1m[35mCOMMIT[0m
  [1m[35m (0.1ms)[0m  [1m[35mBEGIN[0m
  [1m[36mNotice Create (0.3ms)[0m  [1m[32mINSERT INTO "notices" ("title", "author", "content", "created_at", "updated_at") VALUES ($1, $2, $3, $4, $5) RETURNING "id"[0m  [["title", "COOPER, YOU REMIND ME TODAY OF A SMALL MEXICAN CHIHUAHUA."], ["author", "Heru-ur"], ["content", "Dolores unde quis. Explicabo repellendus minima. Mollitia enim neque."], ["created_at", "2020-01-28 11:46:08.178607"], ["updated_at", "2020-01-28 11:46:08.178607"]]
  [1m[35m (0.4ms)[0m  [1m[35mCOMMIT[0m
  [1m[35m (0.1ms)[0m  [1m[35mBEGIN[0m
  [1m[36mNotice Create (0.2ms)[0m  [1m[32mINSERT INTO "notices" ("title", "author", "content", "created_at", "updated_at") VALUES ($1, $2, $3, $4, $5) RETURNING "id"[0m  [["title", "It has been a pleasure speaking to you."], ["author", "Thor"], ["content", "Error praesentium occaecati. Officiis nihil dolores. Eum at et."], ["created_at", "2020-01-28 11:46:08.182261"], ["updated_at", "2020-01-28 11:46:08.182261"]]
  [1m[35m (0.4ms)[0m  [1m[35mCOMMIT[0m
  [1m[35m (0.1ms)[0m  [1m[35mBEGIN[0m
  [1m[36mNotice Create (0.2ms)[0m  [1m[32mINSERT INTO "notices" ("title", "author", "content", "created_at", "updated_at") VALUES ($1, $2, $3, $4, $5) RETURNING "id"[0m  [["title", "Every day, once a day, give yourself a present."], ["author", "Kawalsky"], ["content", "Sed numquam accusamus. Nulla in saepe. Enim iure aut."], ["created_at", "2020-01-28 11:46:08.185825"], ["updated_at", "2020-01-28 11:46:08.185825"]]
  [1m[35m (0.5ms)[0m  [1m[35mCOMMIT[0m
  [1m[35m (0.1ms)[0m  [1m[35mBEGIN[0m
  [1m[36mNotice Create (0.2ms)[0m  [1m[32mINSERT INTO "notices" ("title", "author", "content", "created_at", "updated_at") VALUES ($1, $2, $3, $4, $5) RETURNING "id"[0m  [["title", "COOPER, YOU REMIND ME TODAY OF A SMALL MEXICAN CHIHUAHUA."], ["author", "George Hammond"], ["content", "Non voluptas natus. At veritatis nesciunt. Commodi et doloremque."], ["created_at", "2020-01-28 11:46:08.189480"], ["updated_at", "2020-01-28 11:46:08.189480"]]
  [1m[35m (0.4ms)[0m  [1m[35mCOMMIT[0m
  [1m[35m (0.1ms)[0m  [1m[35mBEGIN[0m
  [1m[36mNotice Create (0.2ms)[0m  [1m[32mINSERT INTO "notices" ("title", "author", "content", "created_at", "updated_at") VALUES ($1, $2, $3, $4, $5) RETURNING "id"[0m  [["title", "Will this sadness that makes me cry my heart out — will it ever end? The answer, of course, is yes. One day the sadness will end."], ["author", "Jolinar"], ["content", "Et nihil vel. Deserunt tempora ut. Sunt nemo reiciendis."], ["created_at", "2020-01-28 11:46:08.193042"], ["updated_at", "2020-01-28 11:46:08.193042"]]
  [1m[35m (0.4ms)[0m  [1m[35mCOMMIT[0m
  [1m[35m (0.1ms)[0m  [1m[35mBEGIN[0m
  [1m[36mNotice Create (0.2ms)[0m  [1m[32mINSERT INTO "notices" ("title", "author", "content", "created_at", "updated_at") VALUES ($1, $2, $3, $4, $5) RETURNING "id"[0m  [["title", "Where we're from, the birds sing a pretty song, and there's always music in the air."], ["author", "Jolinar"], ["content", "Soluta necessitatibus dolor. Dolorem deserunt eos. Atque delectus qui."], ["created_at", "2020-01-28 11:46:08.196628"], ["updated_at", "2020-01-28 11:46:08.196628"]]
  [1m[35m (0.3ms)[0m  [1m[35mCOMMIT[0m
  [1m[35m (0.1ms)[0m  [1m[35mBEGIN[0m
  [1m[36mNotice Create (0.3ms)[0m  [1m[32mINSERT INTO "notices" ("title", "author", "content", "created_at", "updated_at") VALUES ($1, $2, $3, $4, $5) RETURNING "id"[0m  [["title", "Cooper, you may be fearless in this world, but there are other worlds."], ["author", "Thor"], ["content", "Nostrum est sequi. Natus molestiae est. Quod sunt culpa."], ["created_at", "2020-01-28 11:46:08.200239"], ["updated_at", "2020-01-28 11:46:08.200239"]]
  [1m[35m (0.4ms)[0m  [1m[35mCOMMIT[0m
  [1m[35m (0.1ms)[0m  [1m[35mBEGIN[0m
  [1m[36mNotice Create (0.3ms)[0m  [1m[32mINSERT INTO "notices" ("title", "author", "content", "created_at", "updated_at") VALUES ($1, $2, $3, $4, $5) RETURNING "id"[0m  [["title", "Where we're from, the birds sing a pretty song, and there's always music in the air."], ["author", "Jolinar"], ["content", "Et quo distinctio. Atque dolorem in. Esse quis maiores."], ["created_at", "2020-01-28 11:46:08.203816"], ["updated_at", "2020-01-28 11:46:08.203816"]]
  [1m[35m (0.5ms)[0m  [1m[35mCOMMIT[0m
  [1m[35m (0.1ms)[0m  [1m[35mBEGIN[0m
  [1m[36mNotice Create (0.6ms)[0m  [1m[32mINSERT INTO "notices" ("title", "author", "content", "created_at", "updated_at") VALUES ($1, $2, $3, $4, $5) RETURNING "id"[0m  [["title", "I have no idea where this will lead us. But I have a definite feeling it will be a place both wonderful and strange."], ["author", "Hathor"], ["content", "Quo nihil consequatur. Rem sit quia. Harum ratione est."], ["created_at", "2020-01-28 11:46:08.208100"], ["updated_at", "2020-01-28 11:46:08.208100"]]
  [1m[35m (0.4ms)[0m  [1m[35mCOMMIT[0m
  [1m[35m (0.1ms)[0m  [1m[35mBEGIN[0m
  [1m[36mNotice Create (0.3ms)[0m  [1m[32mINSERT INTO "notices" ("title", "author", "content", "created_at", "updated_at") VALUES ($1, $2, $3, $4, $5) RETURNING "id"[0m  [["title", "There's nothing quite like urinating in the open air."], ["author", "Selmak"], ["content", "Voluptatem ab placeat. Sit id a. Voluptas itaque cumque."], ["created_at", "2020-01-28 11:46:08.212160"], ["updated_at", "2020-01-28 11:46:08.212160"]]
  [1m[35m (0.4ms)[0m  [1m[35mCOMMIT[0m
  [1m[35m (0.1ms)[0m  [1m[35mBEGIN[0m
  [1m[36mNotice Create (0.2ms)[0m  [1m[32mINSERT INTO "notices" ("title", "author", "content", "created_at", "updated_at") VALUES ($1, $2, $3, $4, $5) RETURNING "id"[0m  [["title", "I don't wanna talk. I wanna shoot."], ["author", "Teal'c"], ["content", "Voluptatum sed quia. Tempora vero similique. Dolor quis non."], ["created_at", "2020-01-28 11:46:08.215807"], ["updated_at", "2020-01-28 11:46:08.215807"]]
  [1m[35m (0.4ms)[0m  [1m[35mCOMMIT[0m
  [1m[35m (0.1ms)[0m  [1m[35mBEGIN[0m
  [1m[36mNotice Create (0.3ms)[0m  [1m[32mINSERT INTO "notices" ("title", "author", "content", "created_at", "updated_at") VALUES ($1, $2, $3, $4, $5) RETURNING "id"[0m  [["title", "You know, this is — excuse me — a damn fine cup of coffee!"], ["author", "Ba'al"], ["content", "Ut sed deleniti. Ad velit ipsam. Sint soluta est."], ["created_at", "2020-01-28 11:46:08.219428"], ["updated_at", "2020-01-28 11:46:08.219428"]]
  [1m[35m (0.4ms)[0m  [1m[35mCOMMIT[0m
  [1m[35m (0.1ms)[0m  [1m[35mBEGIN[0m
  [1m[36mNotice Create (0.2ms)[0m  [1m[32mINSERT INTO "notices" ("title", "author", "content", "created_at", "updated_at") VALUES ($1, $2, $3, $4, $5) RETURNING "id"[0m  [["title", "How's Annie? How's Annie? How's Annie?"], ["author", "Cameron Mitchell"], ["content", "Alias commodi non. Sit et asperiores. Ut atque earum."], ["created_at", "2020-01-28 11:46:08.223354"], ["updated_at", "2020-01-28 11:46:08.223354"]]
  [1m[35m (0.4ms)[0m  [1m[35mCOMMIT[0m
  [1m[35m (0.1ms)[0m  [1m[35mBEGIN[0m
  [1m[36mNotice Create (0.3ms)[0m  [1m[32mINSERT INTO "notices" ("title", "author", "content", "created_at", "updated_at") VALUES ($1, $2, $3, $4, $5) RETURNING "id"[0m  [["title", "MAY A SMILE BE YOUR UMBRELLA. WE'VE ALL HAD OUR SOCKS TOSSED AROUND."], ["author", "Kasuf"], ["content", "Animi ut vitae. Hic aut aliquid. Praesentium et recusandae."], ["created_at", "2020-01-28 11:46:08.227117"], ["updated_at", "2020-01-28 11:46:08.227117"]]
  [1m[35m (0.3ms)[0m  [1m[35mCOMMIT[0m
  [1m[35m (0.1ms)[0m  [1m[35mBEGIN[0m
  [1m[36mNotice Create (0.2ms)[0m  [1m[32mINSERT INTO "notices" ("title", "author", "content", "created_at", "updated_at") VALUES ($1, $2, $3, $4, $5) RETURNING "id"[0m  [["title", "Through the darkness of future's past, the magician longs to see. One chants out between two worlds... \"Fire... walk with me.\""], ["author", "Jonas Quinn"], ["content", "Ullam sed omnis. Enim dolor magni. Et incidunt magnam."], ["created_at", "2020-01-28 11:46:08.230599"], ["updated_at", "2020-01-28 11:46:08.230599"]]
  [1m[35m (0.4ms)[0m  [1m[35mCOMMIT[0m
  [1m[35m (0.1ms)[0m  [1m[35mBEGIN[0m
  [1m[36mNotice Create (0.3ms)[0m  [1m[32mINSERT INTO "notices" ("title", "author", "content", "created_at", "updated_at") VALUES ($1, $2, $3, $4, $5) RETURNING "id"[0m  [["title", "I don't wanna talk. I wanna shoot."], ["author", "Martouf"], ["content", "Cum quis aut. In sit corporis. Quae vel odio."], ["created_at", "2020-01-28 11:46:08.234140"], ["updated_at", "2020-01-28 11:46:08.234140"]]
  [1m[35m (0.4ms)[0m  [1m[35mCOMMIT[0m
  [1m[35m (0.2ms)[0m  [1m[35mBEGIN[0m
  [1m[36mNotice Create (0.3ms)[0m  [1m[32mINSERT INTO "notices" ("title", "author", "content", "created_at", "updated_at") VALUES ($1, $2, $3, $4, $5) RETURNING "id"[0m  [["title", "Audrey, there are many cures for a broken heart. But nothing quite like a trout's leap in the moonlight."], ["author", "Jonas Quinn"], ["content", "Omnis eum sequi. Vitae consectetur hic. Non velit aliquam."], ["created_at", "2020-01-28 11:46:08.238061"], ["updated_at", "2020-01-28 11:46:08.238061"]]
  [1m[35m (0.5ms)[0m  [1m[35mCOMMIT[0m
  [1m[35m (0.1ms)[0m  [1m[35mBEGIN[0m
  [1m[36mNotice Create (0.3ms)[0m  [1m[32mINSERT INTO "notices" ("title", "author", "content", "created_at", "updated_at") VALUES ($1, $2, $3, $4, $5) RETURNING "id"[0m  [["title", "Through the darkness of future's past, the magician longs to see. One chants out between two worlds... \"Fire... walk with me.\""], ["author", "Thor"], ["content", "Tempore aspernatur non. Quia perferendis molestiae. Sunt ducimus dolorum."], ["created_at", "2020-01-28 11:46:08.242137"], ["updated_at", "2020-01-28 11:46:08.242137"]]
  [1m[35m (0.4ms)[0m  [1m[35mCOMMIT[0m
  [1m[35m (0.1ms)[0m  [1m[35mBEGIN[0m
  [1m[36mNotice Create (0.3ms)[0m  [1m[32mINSERT INTO "notices" ("title", "author", "content", "created_at", "updated_at") VALUES ($1, $2, $3, $4, $5) RETURNING "id"[0m  [["title", "YOU ARE WITNESSING A FRONT THREE-QUARTER VIEW OF TWO ADULTS SHARING A TENDER MOMENT"], ["author", "Osiris"], ["content", "Eos aut illum. Fugit corporis excepturi. Ut sint aut."], ["created_at", "2020-01-28 11:46:08.245902"], ["updated_at", "2020-01-28 11:46:08.245902"]]
  [1m[35m (0.5ms)[0m  [1m[35mCOMMIT[0m
  [1m[35m (0.1ms)[0m  [1m[35mBEGIN[0m
  [1m[36mNotice Create (0.3ms)[0m  [1m[32mINSERT INTO "notices" ("title", "author", "content", "created_at", "updated_at") VALUES ($1, $2, $3, $4, $5) RETURNING "id"[0m  [["title", "Sometimes jokes are welcome. Like the one about the kid who said: \"I enjoyed school. It was just the principal of the thing.\""], ["author", "Klorel"], ["content", "Rerum qui nesciunt. Tenetur deleniti autem. Omnis illo ut."], ["created_at", "2020-01-28 11:46:08.258475"], ["updated_at", "2020-01-28 11:46:08.258475"]]
  [1m[35m (0.5ms)[0m  [1m[35mCOMMIT[0m
  [1m[35m (0.1ms)[0m  [1m[35mBEGIN[0m
  [1m[36mNotice Create (0.3ms)[0m  [1m[32mINSERT INTO "notices" ("title", "author", "content", "created_at", "updated_at") VALUES ($1, $2, $3, $4, $5) RETURNING "id"[0m  [["title", "Audrey, there are many cures for a broken heart. But nothing quite like a trout's leap in the moonlight."], ["author", "Samantha Carter"], ["content", "Veniam consequatur totam. Inventore odio exercitationem. Modi quis aut."], ["created_at", "2020-01-28 11:46:08.262383"], ["updated_at", "2020-01-28 11:46:08.262383"]]
  [1m[35m (0.5ms)[0m  [1m[35mCOMMIT[0m
  [1m[35m (0.1ms)[0m  [1m[35mBEGIN[0m
  [1m[36mNotice Create (0.3ms)[0m  [1m[32mINSERT INTO "notices" ("title", "author", "content", "created_at", "updated_at") VALUES ($1, $2, $3, $4, $5) RETURNING "id"[0m  [["title", "You know, this is — excuse me — a damn fine cup of coffee!"], ["author", "Apophis"], ["content", "Recusandae voluptas ducimus. Sapiente molestiae ut. Sit adipisci et."], ["created_at", "2020-01-28 11:46:08.266336"], ["updated_at", "2020-01-28 11:46:08.266336"]]
  [1m[35m (0.4ms)[0m  [1m[35mCOMMIT[0m
  [1m[35m (0.1ms)[0m  [1m[35mBEGIN[0m
  [1m[36mNotice Create (0.3ms)[0m  [1m[32mINSERT INTO "notices" ("title", "author", "content", "created_at", "updated_at") VALUES ($1, $2, $3, $4, $5) RETURNING "id"[0m  [["title", "Cooper, you may be fearless in this world, but there are other worlds."], ["author", "Kasuf"], ["content", "Sint et odio. Laborum dolore numquam. Autem esse vel."], ["created_at", "2020-01-28 11:46:08.270086"], ["updated_at", "2020-01-28 11:46:08.270086"]]
  [1m[35m (0.5ms)[0m  [1m[35mCOMMIT[0m
  [1m[35m (0.2ms)[0m  [1m[35mBEGIN[0m
  [1m[36mNotice Create (0.3ms)[0m  [1m[32mINSERT INTO "notices" ("title", "author", "content", "created_at", "updated_at") VALUES ($1, $2, $3, $4, $5) RETURNING "id"[0m  [["title", "YOU ARE WITNESSING A FRONT THREE-QUARTER VIEW OF TWO ADULTS SHARING A TENDER MOMENT"], ["author", "Ba'al"], ["content", "Magni non nesciunt. Dolores iste id. Fuga architecto nesciunt."], ["created_at", "2020-01-28 11:46:08.274254"], ["updated_at", "2020-01-28 11:46:08.274254"]]
  [1m[35m (0.5ms)[0m  [1m[35mCOMMIT[0m
  [1m[35m (0.1ms)[0m  [1m[35mBEGIN[0m
  [1m[36mNotice Create (0.3ms)[0m  [1m[32mINSERT INTO "notices" ("title", "author", "content", "created_at", "updated_at") VALUES ($1, $2, $3, $4, $5) RETURNING "id"[0m  [["title", "Pie. Whoever invented the pie? Here was a great person."], ["author", "Jonas Quinn"], ["content", "Aut placeat enim. Ea magni voluptatem. Delectus laudantium laborum."], ["created_at", "2020-01-28 11:46:08.278336"], ["updated_at", "2020-01-28 11:46:08.278336"]]
  [1m[35m (0.4ms)[0m  [1m[35mCOMMIT[0m
  [1m[35m (0.1ms)[0m  [1m[35mBEGIN[0m
  [1m[36mNotice Create (0.3ms)[0m  [1m[32mINSERT INTO "notices" ("title", "author", "content", "created_at", "updated_at") VALUES ($1, $2, $3, $4, $5) RETURNING "id"[0m  [["title", "There was a fish in the percolator!"], ["author", "Thor"], ["content", "Placeat rerum perspiciatis. Culpa dolorem reiciendis. Nihil odio minus."], ["created_at", "2020-01-28 11:46:08.282058"], ["updated_at", "2020-01-28 11:46:08.282058"]]
  [1m[35m (0.3ms)[0m  [1m[35mCOMMIT[0m
  [1m[35m (0.1ms)[0m  [1m[35mBEGIN[0m
  [1m[36mNotice Create (0.2ms)[0m  [1m[32mINSERT INTO "notices" ("title", "author", "content", "created_at", "updated_at") VALUES ($1, $2, $3, $4, $5) RETURNING "id"[0m  [["title", "There was a fish in the percolator!"], ["author", "Cassandra"], ["content", "Cupiditate ex voluptatem. Est at dolor. Excepturi quod doloremque."], ["created_at", "2020-01-28 11:46:08.285629"], ["updated_at", "2020-01-28 11:46:08.285629"]]
  [1m[35m (0.4ms)[0m  [1m[35mCOMMIT[0m
  [1m[35m (0.1ms)[0m  [1m[35mBEGIN[0m
  [1m[36mNotice Create (0.2ms)[0m  [1m[32mINSERT INTO "notices" ("title", "author", "content", "created_at", "updated_at") VALUES ($1, $2, $3, $4, $5) RETURNING "id"[0m  [["title", "You know, this is — excuse me — a damn fine cup of coffee!"], ["author", "Ra"], ["content", "Et cupiditate excepturi. Quo voluptas sint. Dolores non delectus."], ["created_at", "2020-01-28 11:46:08.289094"], ["updated_at", "2020-01-28 11:46:08.289094"]]
  [1m[35m (0.4ms)[0m  [1m[35mCOMMIT[0m
  [1m[35m (0.1ms)[0m  [1m[35mBEGIN[0m
  [1m[36mNotice Create (0.2ms)[0m  [1m[32mINSERT INTO "notices" ("title", "author", "content", "created_at", "updated_at") VALUES ($1, $2, $3, $4, $5) RETURNING "id"[0m  [["title", "YOU ARE WITNESSING A FRONT THREE-QUARTER VIEW OF TWO ADULTS SHARING A TENDER MOMENT"], ["author", "Selmak"], ["content", "Et reiciendis omnis. Voluptatem numquam distinctio. Velit sit rerum."], ["created_at", "2020-01-28 11:46:08.292745"], ["updated_at", "2020-01-28 11:46:08.292745"]]
  [1m[35m (0.5ms)[0m  [1m[35mCOMMIT[0m
  [1m[35m (0.1ms)[0m  [1m[35mBEGIN[0m
  [1m[36mNotice Create (0.2ms)[0m  [1m[32mINSERT INTO "notices" ("title", "author", "content", "created_at", "updated_at") VALUES ($1, $2, $3, $4, $5) RETURNING "id"[0m  [["title", "COOPER, YOU REMIND ME TODAY OF A SMALL MEXICAN CHIHUAHUA."], ["author", "Cronus"], ["content", "Ipsa voluptas commodi. Totam minima commodi. Qui dolor sunt."], ["created_at", "2020-01-28 11:46:08.296309"], ["updated_at", "2020-01-28 11:46:08.296309"]]
  [1m[35m (0.3ms)[0m  [1m[35mCOMMIT[0m
  [1m[35m (0.1ms)[0m  [1m[35mBEGIN[0m
  [1m[36mNotice Create (0.3ms)[0m  [1m[32mINSERT INTO "notices" ("title", "author", "content", "created_at", "updated_at") VALUES ($1, $2, $3, $4, $5) RETURNING "id"[0m  [["title", "YOU ARE WITNESSING A FRONT THREE-QUARTER VIEW OF TWO ADULTS SHARING A TENDER MOMENT"], ["author", "Osiris"], ["content", "Nisi rerum molestiae. Rerum occaecati temporibus. Repudiandae repellendus blanditiis."], ["created_at", "2020-01-28 11:46:08.299738"], ["updated_at", "2020-01-28 11:46:08.299738"]]
  [1m[35m (0.4ms)[0m  [1m[35mCOMMIT[0m
  [1m[35m (0.1ms)[0m  [1m[35mBEGIN[0m
  [1m[36mNotice Create (0.3ms)[0m  [1m[32mINSERT INTO "notices" ("title", "author", "content", "created_at", "updated_at") VALUES ($1, $2, $3, $4, $5) RETURNING "id"[0m  [["title", "How's Annie? How's Annie? How's Annie?"], ["author", "Jolinar"], ["content", "Modi delectus ipsum. Voluptatem quidem sequi. Sed ratione quibusdam."], ["created_at", "2020-01-28 11:46:08.303108"], ["updated_at", "2020-01-28 11:46:08.303108"]]
  [1m[35m (0.6ms)[0m  [1m[35mCOMMIT[0m
  [1m[35m (0.1ms)[0m  [1m[35mBEGIN[0m
  [1m[36mNotice Create (0.2ms)[0m  [1m[32mINSERT INTO "notices" ("title", "author", "content", "created_at", "updated_at") VALUES ($1, $2, $3, $4, $5) RETURNING "id"[0m  [["title", "I don't wanna talk. I wanna shoot."], ["author", "Teal'c"], ["content", "Consequuntur iure quaerat. Iste qui ut. Voluptatibus non odio."], ["created_at", "2020-01-28 11:46:08.306889"], ["updated_at", "2020-01-28 11:46:08.306889"]]
  [1m[35m (0.4ms)[0m  [1m[35mCOMMIT[0m
  [1m[35m (0.1ms)[0m  [1m[35mBEGIN[0m
  [1m[36mNotice Create (0.2ms)[0m  [1m[32mINSERT INTO "notices" ("title", "author", "content", "created_at", "updated_at") VALUES ($1, $2, $3, $4, $5) RETURNING "id"[0m  [["title", "The owls are not what they seem."], ["author", "Teal'c"], ["content", "Saepe tempore hic. Temporibus error numquam. Sed corrupti delectus."], ["created_at", "2020-01-28 11:46:08.310475"], ["updated_at", "2020-01-28 11:46:08.310475"]]
  [1m[35m (0.4ms)[0m  [1m[35mCOMMIT[0m
  [1m[35m (0.1ms)[0m  [1m[35mBEGIN[0m
  [1m[36mNotice Create (0.2ms)[0m  [1m[32mINSERT INTO "notices" ("title", "author", "content", "created_at", "updated_at") VALUES ($1, $2, $3, $4, $5) RETURNING "id"[0m  [["title", "Will this sadness that makes me cry my heart out — will it ever end? The answer, of course, is yes. One day the sadness will end."], ["author", "Heru-ur"], ["content", "Saepe est officiis. Hic enim accusantium. Qui repudiandae sit."], ["created_at", "2020-01-28 11:46:08.313760"], ["updated_at", "2020-01-28 11:46:08.313760"]]
  [1m[35m (0.5ms)[0m  [1m[35mCOMMIT[0m
  [1m[35m (0.1ms)[0m  [1m[35mBEGIN[0m
  [1m[36mNotice Create (0.3ms)[0m  [1m[32mINSERT INTO "notices" ("title", "author", "content", "created_at", "updated_at") VALUES ($1, $2, $3, $4, $5) RETURNING "id"[0m  [["title", "Cooper, you may be fearless in this world, but there are other worlds."], ["author", "Kawalsky"], ["content", "Molestias vero odio. Numquam vero aliquid. Aut eligendi minus."], ["created_at", "2020-01-28 11:46:08.317125"], ["updated_at", "2020-01-28 11:46:08.317125"]]
  [1m[35m (0.3ms)[0m  [1m[35mCOMMIT[0m
  [1m[35m (0.1ms)[0m  [1m[35mBEGIN[0m
  [1m[36mNotice Create (0.2ms)[0m  [1m[32mINSERT INTO "notices" ("title", "author", "content", "created_at", "updated_at") VALUES ($1, $2, $3, $4, $5) RETURNING "id"[0m  [["title", "There's nothing quite like urinating in the open air."], ["author", "Thor"], ["content", "Nihil a ullam. Ipsa odit omnis. Iure dolore quae."], ["created_at", "2020-01-28 11:46:08.320575"], ["updated_at", "2020-01-28 11:46:08.320575"]]
  [1m[35m (0.4ms)[0m  [1m[35mCOMMIT[0m
  [1m[35m (0.1ms)[0m  [1m[35mBEGIN[0m
  [1m[36mNotice Create (0.2ms)[0m  [1m[32mINSERT INTO "notices" ("title", "author", "content", "created_at", "updated_at") VALUES ($1, $2, $3, $4, $5) RETURNING "id"[0m  [["title", "J'ai une âme solitaire."], ["author", "Selmak"], ["content", "Soluta consequatur voluptates. Consequatur distinctio quod. Possimus est non."], ["created_at", "2020-01-28 11:46:08.323915"], ["updated_at", "2020-01-28 11:46:08.323915"]]
  [1m[35m (0.4ms)[0m  [1m[35mCOMMIT[0m
  [1m[35m (0.1ms)[0m  [1m[35mBEGIN[0m
  [1m[36mNotice Create (0.2ms)[0m  [1m[32mINSERT INTO "notices" ("title", "author", "content", "created_at", "updated_at") VALUES ($1, $2, $3, $4, $5) RETURNING "id"[0m  [["title", "Wow, Bob, wow."], ["author", "Anubis"], ["content", "Dignissimos sit id. Suscipit assumenda dolore. Omnis tempore quia."], ["created_at", "2020-01-28 11:46:08.327396"], ["updated_at", "2020-01-28 11:46:08.327396"]]
  [1m[35m (0.4ms)[0m  [1m[35mCOMMIT[0m
  [1m[35m (0.1ms)[0m  [1m[35mBEGIN[0m
  [1m[36mNotice Create (0.2ms)[0m  [1m[32mINSERT INTO "notices" ("title", "author", "content", "created_at", "updated_at") VALUES ($1, $2, $3, $4, $5) RETURNING "id"[0m  [["title", "I don't wanna talk. I wanna shoot."], ["author", "Klorel"], ["content", "Dolores quo iusto. Ullam libero ut. Eaque quibusdam dolore."], ["created_at", "2020-01-28 11:46:08.330857"], ["updated_at", "2020-01-28 11:46:08.330857"]]
  [1m[35m (0.4ms)[0m  [1m[35mCOMMIT[0m
  [1m[35m (0.1ms)[0m  [1m[35mBEGIN[0m
  [1m[36mNotice Create (0.2ms)[0m  [1m[32mINSERT INTO "notices" ("title", "author", "content", "created_at", "updated_at") VALUES ($1, $2, $3, $4, $5) RETURNING "id"[0m  [["title", "Windom Earle's mind is like a diamond. It's cold, and hard, and brilliant."], ["author", "Jonas Quinn"], ["content", "Similique voluptas aut. Enim incidunt ab. Deleniti fugit eum."], ["created_at", "2020-01-28 11:46:08.334228"], ["updated_at", "2020-01-28 11:46:08.334228"]]
  [1m[35m (0.4ms)[0m  [1m[35mCOMMIT[0m
  [1m[35m (0.1ms)[0m  [1m[35mBEGIN[0m
  [1m[36mNotice Create (0.3ms)[0m  [1m[32mINSERT INTO "notices" ("title", "author", "content", "created_at", "updated_at") VALUES ($1, $2, $3, $4, $5) RETURNING "id"[0m  [["title", "YOU ARE WITNESSING A FRONT THREE-QUARTER VIEW OF TWO ADULTS SHARING A TENDER MOMENT"], ["author", "Ra"], ["content", "Provident dolorem ipsum. Esse et officiis. Occaecati ea dolorem."], ["created_at", "2020-01-28 11:46:08.337669"], ["updated_at", "2020-01-28 11:46:08.337669"]]
  [1m[35m (0.5ms)[0m  [1m[35mCOMMIT[0m
  [1m[35m (0.1ms)[0m  [1m[35mBEGIN[0m
  [1m[36mNotice Create (0.2ms)[0m  [1m[32mINSERT INTO "notices" ("title", "author", "content", "created_at", "updated_at") VALUES ($1, $2, $3, $4, $5) RETURNING "id"[0m  [["title", "J'ai une âme solitaire."], ["author", "George Hammond"], ["content", "Quidem incidunt nobis. Aut possimus est. Molestias ipsum iste."], ["created_at", "2020-01-28 11:46:08.342079"], ["updated_at", "2020-01-28 11:46:08.342079"]]
  [1m[35m (0.4ms)[0m  [1m[35mCOMMIT[0m
  [1m[35m (0.1ms)[0m  [1m[35mBEGIN[0m
  [1m[36mNotice Create (0.2ms)[0m  [1m[32mINSERT INTO "notices" ("title", "author", "content", "created_at", "updated_at") VALUES ($1, $2, $3, $4, $5) RETURNING "id"[0m  [["title", "The owls are not what they seem."], ["author", "Jonas Quinn"], ["content", "Consequatur quia at. Voluptatem vel est. Ducimus omnis dolores."], ["created_at", "2020-01-28 11:46:08.345653"], ["updated_at", "2020-01-28 11:46:08.345653"]]
  [1m[35m (0.5ms)[0m  [1m[35mCOMMIT[0m
  [1m[35m (0.1ms)[0m  [1m[35mBEGIN[0m
  [1m[36mNotice Create (0.2ms)[0m  [1m[32mINSERT INTO "notices" ("title", "author", "content", "created_at", "updated_at") VALUES ($1, $2, $3, $4, $5) RETURNING "id"[0m  [["title", "I don't wanna talk. I wanna shoot."], ["author", "Teal'c"], ["content", "Non cumque ut. Laudantium perspiciatis et. Esse occaecati non."], ["created_at", "2020-01-28 11:46:08.349356"], ["updated_at", "2020-01-28 11:46:08.349356"]]
  [1m[35m (0.4ms)[0m  [1m[35mCOMMIT[0m
  [1m[35m (0.1ms)[0m  [1m[35mBEGIN[0m
  [1m[36mNotice Create (0.2ms)[0m  [1m[32mINSERT INTO "notices" ("title", "author", "content", "created_at", "updated_at") VALUES ($1, $2, $3, $4, $5) RETURNING "id"[0m  [["title", "I have no idea where this will lead us. But I have a definite feeling it will be a place both wonderful and strange."], ["author", "Klorel"], ["content", "Numquam qui dolor. Id sed velit. Voluptatum omnis doloribus."], ["created_at", "2020-01-28 11:46:08.352914"], ["updated_at", "2020-01-28 11:46:08.352914"]]
  [1m[35m (0.3ms)[0m  [1m[35mCOMMIT[0m
  [1m[35m (0.1ms)[0m  [1m[35mBEGIN[0m
  [1m[36mNotice Create (0.4ms)[0m  [1m[32mINSERT INTO "notices" ("title", "author", "content", "created_at", "updated_at") VALUES ($1, $2, $3, $4, $5) RETURNING "id"[0m  [["title", "Damn fine coffee! And hot!"], ["author", "Cronus"], ["content", "Deleniti voluptate quas. Dolore quo accusamus. Eligendi necessitatibus et."], ["created_at", "2020-01-28 11:46:08.356368"], ["updated_at", "2020-01-28 11:46:08.356368"]]
  [1m[35m (0.5ms)[0m  [1m[35mCOMMIT[0m
  [1m[35m (0.2ms)[0m  [1m[35mBEGIN[0m
  [1m[36mNotice Create (0.5ms)[0m  [1m[32mINSERT INTO "notices" ("title", "author", "content", "created_at", "updated_at") VALUES ($1, $2, $3, $4, $5) RETURNING "id"[0m  [["title", "Where we're from, the birds sing a pretty song, and there's always music in the air."], ["author", "Jacob Carter"], ["content", "Libero cum doloribus. Voluptas maiores architecto. Magnam quae distinctio."], ["created_at", "2020-01-28 11:46:08.369454"], ["updated_at", "2020-01-28 11:46:08.369454"]]
  [1m[35m (0.4ms)[0m  [1m[35mCOMMIT[0m
  [1m[35m (0.1ms)[0m  [1m[35mBEGIN[0m
  [1m[36mNotice Create (0.3ms)[0m  [1m[32mINSERT INTO "notices" ("title", "author", "content", "created_at", "updated_at") VALUES ($1, $2, $3, $4, $5) RETURNING "id"[0m  [["title", "Harry, is that bag smiling?"], ["author", "Lantash"], ["content", "Suscipit quo laborum. Optio nam velit. Officia soluta eligendi."], ["created_at", "2020-01-28 11:46:08.375632"], ["updated_at", "2020-01-28 11:46:08.375632"]]
  [1m[35m (0.4ms)[0m  [1m[35mCOMMIT[0m
  [1m[35m (0.1ms)[0m  [1m[35mBEGIN[0m
  [1m[36mNotice Create (0.3ms)[0m  [1m[32mINSERT INTO "notices" ("title", "author", "content", "created_at", "updated_at") VALUES ($1, $2, $3, $4, $5) RETURNING "id"[0m  [["title", "Wow, Bob, wow."], ["author", "Jolinar"], ["content", "Eius qui ratione. Alias soluta labore. Illo esse ipsa."], ["created_at", "2020-01-28 11:46:08.379574"], ["updated_at", "2020-01-28 11:46:08.379574"]]
  [1m[35m (0.4ms)[0m  [1m[35mCOMMIT[0m
  [1m[35m (0.1ms)[0m  [1m[35mBEGIN[0m
  [1m[36mNotice Create (0.4ms)[0m  [1m[32mINSERT INTO "notices" ("title", "author", "content", "created_at", "updated_at") VALUES ($1, $2, $3, $4, $5) RETURNING "id"[0m  [["title", "Wow, Bob, wow."], ["author", "Harlan"], ["content", "Voluptates autem soluta. Ipsa consequatur eos. Cupiditate facere aut."], ["created_at", "2020-01-28 11:46:08.383353"], ["updated_at", "2020-01-28 11:46:08.383353"]]
  [1m[35m (0.4ms)[0m  [1m[35mCOMMIT[0m
  [1m[35m (0.2ms)[0m  [1m[35mBEGIN[0m
  [1m[36mNotice Create (0.3ms)[0m  [1m[32mINSERT INTO "notices" ("title", "author", "content", "created_at", "updated_at") VALUES ($1, $2, $3, $4, $5) RETURNING "id"[0m  [["title", "Harry, is that bag smiling?"], ["author", "George Hammond"], ["content", "Inventore temporibus officiis. Cumque eaque enim. Est est omnis."], ["created_at", "2020-01-28 11:46:08.387921"], ["updated_at", "2020-01-28 11:46:08.387921"]]
  [1m[35m (0.5ms)[0m  [1m[35mCOMMIT[0m
  [1m[35m (0.1ms)[0m  [1m[35mBEGIN[0m
  [1m[36mNotice Create (0.3ms)[0m  [1m[32mINSERT INTO "notices" ("title", "author", "content", "created_at", "updated_at") VALUES ($1, $2, $3, $4, $5) RETURNING "id"[0m  [["title", "She's dead... Wrapped in plastic."], ["author", "Hathor"], ["content", "Vero qui voluptatum. Ullam repellat voluptatem. Ut et occaecati."], ["created_at", "2020-01-28 11:46:08.391789"], ["updated_at", "2020-01-28 11:46:08.391789"]]
  [1m[35m (0.4ms)[0m  [1m[35mCOMMIT[0m
  [1m[35m (0.1ms)[0m  [1m[35mBEGIN[0m
  [1m[36mNotice Create (0.2ms)[0m  [1m[32mINSERT INTO "notices" ("title", "author", "content", "created_at", "updated_at") VALUES ($1, $2, $3, $4, $5) RETURNING "id"[0m  [["title", "Where we're from, the birds sing a pretty song, and there's always music in the air."], ["author", "Jonas Quinn"], ["content", "Accusamus omnis tempore. Iste earum quis. Quidem placeat numquam."], ["created_at", "2020-01-28 11:46:08.395370"], ["updated_at", "2020-01-28 11:46:08.395370"]]
  [1m[35m (0.4ms)[0m  [1m[35mCOMMIT[0m
  [1m[35m (0.1ms)[0m  [1m[35mBEGIN[0m
  [1m[36mNotice Create (0.2ms)[0m  [1m[32mINSERT INTO "notices" ("title", "author", "content", "created_at", "updated_at") VALUES ($1, $2, $3, $4, $5) RETURNING "id"[0m  [["title", "Will this sadness that makes me cry my heart out — will it ever end? The answer, of course, is yes. One day the sadness will end."], ["author", "Apophis"], ["content", "Minus consequatur quia. Distinctio et qui. Quos aut quasi."], ["created_at", "2020-01-28 11:46:08.398889"], ["updated_at", "2020-01-28 11:46:08.398889"]]
  [1m[35m (0.4ms)[0m  [1m[35mCOMMIT[0m
  [1m[35m (0.1ms)[0m  [1m[35mBEGIN[0m
  [1m[36mNotice Create (0.2ms)[0m  [1m[32mINSERT INTO "notices" ("title", "author", "content", "created_at", "updated_at") VALUES ($1, $2, $3, $4, $5) RETURNING "id"[0m  [["title", "Sometimes jokes are welcome. Like the one about the kid who said: \"I enjoyed school. It was just the principal of the thing.\""], ["author", "Osiris"], ["content", "Error eligendi qui. Provident maxime dolor. Dolore tempora qui."], ["created_at", "2020-01-28 11:46:08.402458"], ["updated_at", "2020-01-28 11:46:08.402458"]]
  [1m[35m (0.5ms)[0m  [1m[35mCOMMIT[0m
  [1m[35m (0.1ms)[0m  [1m[35mBEGIN[0m
  [1m[36mNotice Create (0.3ms)[0m  [1m[32mINSERT INTO "notices" ("title", "author", "content", "created_at", "updated_at") VALUES ($1, $2, $3, $4, $5) RETURNING "id"[0m  [["title", "There's nothing quite like urinating in the open air."], ["author", "Janet Frasier"], ["content", "Sit est assumenda. Laborum quae dolor. Ea modi vel."], ["created_at", "2020-01-28 11:46:08.406355"], ["updated_at", "2020-01-28 11:46:08.406355"]]
  [1m[35m (0.3ms)[0m  [1m[35mCOMMIT[0m
  [1m[35m (0.1ms)[0m  [1m[35mBEGIN[0m
  [1m[36mNotice Create (0.2ms)[0m  [1m[32mINSERT INTO "notices" ("title", "author", "content", "created_at", "updated_at") VALUES ($1, $2, $3, $4, $5) RETURNING "id"[0m  [["title", "That gum you like is going to come back in style."], ["author", "George Hammond"], ["content", "Possimus neque deserunt. Incidunt tenetur aut. Officia doloremque hic."], ["created_at", "2020-01-28 11:46:08.409815"], ["updated_at", "2020-01-28 11:46:08.409815"]]
  [1m[35m (0.3ms)[0m  [1m[35mCOMMIT[0m
  [1m[35m (0.1ms)[0m  [1m[35mBEGIN[0m
  [1m[36mNotice Create (0.3ms)[0m  [1m[32mINSERT INTO "notices" ("title", "author", "content", "created_at", "updated_at") VALUES ($1, $2, $3, $4, $5) RETURNING "id"[0m  [["title", "Will this sadness that makes me cry my heart out — will it ever end? The answer, of course, is yes. One day the sadness will end."], ["author", "Harlan"], ["content", "Quod eius est. Hic consectetur molestias. Qui minus sit."], ["created_at", "2020-01-28 11:46:08.413048"], ["updated_at", "2020-01-28 11:46:08.413048"]]
  [1m[35m (0.5ms)[0m  [1m[35mCOMMIT[0m
  [1m[35m (0.1ms)[0m  [1m[35mBEGIN[0m
  [1m[36mNotice Create (0.2ms)[0m  [1m[32mINSERT INTO "notices" ("title", "author", "content", "created_at", "updated_at") VALUES ($1, $2, $3, $4, $5) RETURNING "id"[0m  [["title", "Wow, Bob, wow."], ["author", "Samantha Carter"], ["content", "Voluptatem quo eos. Maiores laboriosam nostrum. Rerum rerum beatae."], ["created_at", "2020-01-28 11:46:08.417592"], ["updated_at", "2020-01-28 11:46:08.417592"]]
  [1m[35m (0.5ms)[0m  [1m[35mCOMMIT[0m
  [1m[35m (0.2ms)[0m  [1m[35mBEGIN[0m
  [1m[36mNotice Create (0.3ms)[0m  [1m[32mINSERT INTO "notices" ("title", "author", "content", "created_at", "updated_at") VALUES ($1, $2, $3, $4, $5) RETURNING "id"[0m  [["title", "Pie. Whoever invented the pie? Here was a great person."], ["author", "Jolinar"], ["content", "Sit soluta fugiat. Optio voluptatibus dolores. Sequi ut rerum."], ["created_at", "2020-01-28 11:46:08.421442"], ["updated_at", "2020-01-28 11:46:08.421442"]]
  [1m[35m (0.4ms)[0m  [1m[35mCOMMIT[0m
  [1m[35m (0.1ms)[0m  [1m[35mBEGIN[0m
  [1m[36mNotice Create (0.2ms)[0m  [1m[32mINSERT INTO "notices" ("title", "author", "content", "created_at", "updated_at") VALUES ($1, $2, $3, $4, $5) RETURNING "id"[0m  [["title", "There was a fish in the percolator!"], ["author", "Sha're"], ["content", "Perferendis et quod. Labore sit sit. Fugit provident qui."], ["created_at", "2020-01-28 11:46:08.425752"], ["updated_at", "2020-01-28 11:46:08.425752"]]
  [1m[35m (0.4ms)[0m  [1m[35mCOMMIT[0m
  [1m[35m (0.1ms)[0m  [1m[35mBEGIN[0m
  [1m[36mNotice Create (0.2ms)[0m  [1m[32mINSERT INTO "notices" ("title", "author", "content", "created_at", "updated_at") VALUES ($1, $2, $3, $4, $5) RETURNING "id"[0m  [["title", "It has been a pleasure speaking to you."], ["author", "Sha're"], ["content", "Aut ipsum sint. Sint sint natus. Eaque iusto rerum."], ["created_at", "2020-01-28 11:46:08.429308"], ["updated_at", "2020-01-28 11:46:08.429308"]]
  [1m[35m (0.4ms)[0m  [1m[35mCOMMIT[0m
  [1m[35m (0.1ms)[0m  [1m[35mBEGIN[0m
  [1m[36mNotice Create (0.2ms)[0m  [1m[32mINSERT INTO "notices" ("title", "author", "content", "created_at", "updated_at") VALUES ($1, $2, $3, $4, $5) RETURNING "id"[0m  [["title", "Do you want to know what the ultimate secret is? Laura did. The secret of knowing who killed you."], ["author", "Ra"], ["content", "Nam dolor qui. Numquam natus sunt. Odio delectus consectetur."], ["created_at", "2020-01-28 11:46:08.432806"], ["updated_at", "2020-01-28 11:46:08.432806"]]
  [1m[35m (0.4ms)[0m  [1m[35mCOMMIT[0m
  [1m[35m (0.2ms)[0m  [1m[35mBEGIN[0m
  [1m[36mNotice Create (0.4ms)[0m  [1m[32mINSERT INTO "notices" ("title", "author", "content", "created_at", "updated_at") VALUES ($1, $2, $3, $4, $5) RETURNING "id"[0m  [["title", "It has been a pleasure speaking to you."], ["author", "Sokar"], ["content", "Ea laborum quis. Nihil corrupti dignissimos. Quia nisi velit."], ["created_at", "2020-01-28 11:46:08.436362"], ["updated_at", "2020-01-28 11:46:08.436362"]]
  [1m[35m (0.4ms)[0m  [1m[35mCOMMIT[0m
  [1m[35m (0.1ms)[0m  [1m[35mBEGIN[0m
  [1m[36mNotice Create (0.2ms)[0m  [1m[32mINSERT INTO "notices" ("title", "author", "content", "created_at", "updated_at") VALUES ($1, $2, $3, $4, $5) RETURNING "id"[0m  [["title", "MAY A SMILE BE YOUR UMBRELLA. WE'VE ALL HAD OUR SOCKS TOSSED AROUND."], ["author", "Sokar"], ["content", "Dolorem nam non. Eaque nam explicabo. Saepe expedita velit."], ["created_at", "2020-01-28 11:46:08.440632"], ["updated_at", "2020-01-28 11:46:08.440632"]]
  [1m[35m (0.4ms)[0m  [1m[35mCOMMIT[0m
  [1m[36mNotice Load (1.6ms)[0m  [1m[34mSELECT "notices".* FROM "notices" LIMIT $1[0m  [["LIMIT", 11]]
Started GET "/notices" for ::1 at 2020-01-28 19:46:45 +0800
  [1m[35m (0.8ms)[0m  [1m[34mSELECT "schema_migrations"."version" FROM "schema_migrations" ORDER BY "schema_migrations"."version" ASC[0m
Processing by NoticesController#index as HTML
  [1m[36mNotice Load (1.1ms)[0m  [1m[34mSELECT "notices".* FROM "notices"[0m
  ↳ app/controllers/notices_controller.rb:8:in `index'
Completed 200 OK in 34ms (Views: 26.6ms | ActiveRecord: 6.2ms | Allocations: 18710)


Started GET "/notices/1" for ::1 at 2020-01-28 19:54:11 +0800
  [1m[35m (1.0ms)[0m  [1m[34mSELECT "schema_migrations"."version" FROM "schema_migrations" ORDER BY "schema_migrations"."version" ASC[0m
Processing by NoticesController#show as HTML
  Parameters: {"id"=>"1"}
  [1m[36mNotice Load (1.0ms)[0m  [1m[34mSELECT "notices".* FROM "notices" WHERE "notices"."id" = $1 LIMIT $2[0m  [["id", 1], ["LIMIT", 1]]
  ↳ app/controllers/notices_controller.rb:44:in `set_notice'
Completed 200 OK in 32ms (Views: 0.8ms | ActiveRecord: 9.7ms | Allocations: 5571)


Started GET "/notices" for ::1 at 2020-01-28 20:03:43 +0800
Processing by NoticesController#index as */*
  [1m[36mNotice Load (1.9ms)[0m  [1m[34mSELECT "notices".* FROM "notices"[0m
  ↳ app/controllers/notices_controller.rb:8:in `index'
Completed 200 OK in 23ms (Views: 19.9ms | ActiveRecord: 1.9ms | Allocations: 14351)


Started GET "/notices" for ::1 at 2020-01-28 20:03:49 +0800
Processing by NoticesController#index as */*
  [1m[36mNotice Load (2.8ms)[0m  [1m[34mSELECT "notices".* FROM "notices"[0m
  ↳ app/controllers/notices_controller.rb:8:in `index'
Completed 200 OK in 28ms (Views: 25.0ms | ActiveRecord: 2.8ms | Allocations: 14295)


Started GET "/notices" for ::1 at 2020-01-28 20:04:30 +0800
Processing by NoticesController#index as */*
  [1m[36mNotice Load (0.6ms)[0m  [1m[34mSELECT "notices".* FROM "notices"[0m
  ↳ app/controllers/notices_controller.rb:8:in `index'
Completed 200 OK in 24ms (Views: 23.4ms | ActiveRecord: 0.6ms | Allocations: 14295)


Started GET "/notices" for ::1 at 2020-01-28 20:04:31 +0800
Processing by NoticesController#index as */*
  [1m[36mNotice Load (1.6ms)[0m  [1m[34mSELECT "notices".* FROM "notices"[0m
  ↳ app/controllers/notices_controller.rb:8:in `index'
Completed 200 OK in 32ms (Views: 29.9ms | ActiveRecord: 1.6ms | Allocations: 14295)


Started GET "/notices" for ::1 at 2020-01-28 20:04:31 +0800
Processing by NoticesController#index as */*
  [1m[36mNotice Load (0.7ms)[0m  [1m[34mSELECT "notices".* FROM "notices"[0m
  ↳ app/controllers/notices_controller.rb:8:in `index'
Completed 200 OK in 38ms (Views: 35.5ms | ActiveRecord: 0.7ms | Allocations: 14278)


Started GET "/notices" for ::1 at 2020-01-28 20:04:32 +0800
Processing by NoticesController#index as */*
  [1m[36mNotice Load (0.7ms)[0m  [1m[34mSELECT "notices".* FROM "notices"[0m
  ↳ app/controllers/notices_controller.rb:8:in `index'
Completed 200 OK in 21ms (Views: 20.2ms | ActiveRecord: 0.7ms | Allocations: 14277)


Started GET "/notices" for ::1 at 2020-01-28 20:04:32 +0800
Processing by NoticesController#index as */*
  [1m[36mNotice Load (0.4ms)[0m  [1m[34mSELECT "notices".* FROM "notices"[0m
  ↳ app/controllers/notices_controller.rb:8:in `index'
Completed 200 OK in 20ms (Views: 19.0ms | ActiveRecord: 0.4ms | Allocations: 14277)


Started GET "/notices" for ::1 at 2020-01-28 20:45:29 +0800
  [1m[35m (1.0ms)[0m  [1m[34mSELECT "schema_migrations"."version" FROM "schema_migrations" ORDER BY "schema_migrations"."version" ASC[0m
Processing by NoticesController#index as */*
  [1m[36mNotice Load (2.3ms)[0m  [1m[34mSELECT "notices".* FROM "notices"[0m
  ↳ app/controllers/notices_controller.rb:8:in `index'
Completed 200 OK in 65ms (Views: 41.0ms | ActiveRecord: 20.3ms | Allocations: 18713)


Started GET "/notices" for ::1 at 2020-01-29 19:30:24 +0800
  [1m[35m (4.3ms)[0m  [1m[34mSELECT "schema_migrations"."version" FROM "schema_migrations" ORDER BY "schema_migrations"."version" ASC[0m
Processing by NoticesController#index as */*
  [1m[36mNotice Load (7.6ms)[0m  [1m[34mSELECT "notices".* FROM "notices"[0m
  ↳ app/controllers/notices_controller.rb:8:in `index'
Completed 200 OK in 63ms (Views: 36.6ms | ActiveRecord: 22.0ms | Allocations: 18713)


Started GET "/notices" for ::1 at 2020-01-29 19:39:56 +0800
Processing by NoticesController#index as */*
  [1m[36mNotice Load (4.7ms)[0m  [1m[34mSELECT "notices".* FROM "notices"[0m
  ↳ app/controllers/notices_controller.rb:8:in `index'
Completed 200 OK in 29ms (Views: 23.8ms | ActiveRecord: 4.7ms | Allocations: 14348)


Started GET "/notices" for ::1 at 2020-01-29 19:40:32 +0800
Processing by NoticesController#index as */*
  [1m[36mNotice Load (0.4ms)[0m  [1m[34mSELECT "notices".* FROM "notices"[0m
  ↳ app/controllers/notices_controller.rb:8:in `index'
Completed 200 OK in 21ms (Views: 20.8ms | ActiveRecord: 0.4ms | Allocations: 14296)


Started GET "/notices" for ::1 at 2020-01-29 19:50:13 +0800
Processing by NoticesController#index as */*
  [1m[36mNotice Load (0.9ms)[0m  [1m[34mSELECT "notices".* FROM "notices"[0m
  ↳ app/controllers/notices_controller.rb:8:in `index'
Completed 200 OK in 77ms (Views: 75.7ms | ActiveRecord: 0.9ms | Allocations: 14351)


Started GET "/notices" for ::1 at 2020-01-29 19:51:53 +0800
Processing by NoticesController#index as */*
  [1m[36mNotice Load (0.5ms)[0m  [1m[34mSELECT "notices".* FROM "notices"[0m
  ↳ app/controllers/notices_controller.rb:8:in `index'
Completed 200 OK in 25ms (Views: 23.7ms | ActiveRecord: 0.5ms | Allocations: 14278)


Started GET "/notices" for ::1 at 2020-01-29 19:51:57 +0800
Processing by NoticesController#index as */*
  [1m[36mNotice Load (5.1ms)[0m  [1m[34mSELECT "notices".* FROM "notices"[0m
  ↳ app/controllers/notices_controller.rb:8:in `index'
Completed 200 OK in 32ms (Views: 26.5ms | ActiveRecord: 5.1ms | Allocations: 14296)


Started GET "/notices" for ::1 at 2020-01-29 19:52:26 +0800
Processing by NoticesController#index as */*
  [1m[36mNotice Load (0.7ms)[0m  [1m[34mSELECT "notices".* FROM "notices"[0m
  ↳ app/controllers/notices_controller.rb:8:in `index'
Completed 200 OK in 26ms (Views: 24.8ms | ActiveRecord: 0.7ms | Allocations: 14278)


Started GET "/notices" for ::1 at 2020-01-29 19:54:34 +0800
Processing by NoticesController#index as */*
  [1m[36mNotice Load (0.6ms)[0m  [1m[34mSELECT "notices".* FROM "notices"[0m
  ↳ app/controllers/notices_controller.rb:8:in `index'
Completed 200 OK in 22ms (Views: 20.6ms | ActiveRecord: 0.6ms | Allocations: 14278)


Started GET "/notices" for ::1 at 2020-01-29 19:56:21 +0800
Processing by NoticesController#index as */*
  [1m[36mNotice Load (3.9ms)[0m  [1m[34mSELECT "notices".* FROM "notices"[0m
  ↳ app/controllers/notices_controller.rb:8:in `index'
Completed 200 OK in 62ms (Views: 57.3ms | ActiveRecord: 3.9ms | Allocations: 14281)


Started GET "/notices" for ::1 at 2020-01-29 19:56:39 +0800
Processing by NoticesController#index as */*
  [1m[36mNotice Load (0.5ms)[0m  [1m[34mSELECT "notices".* FROM "notices"[0m
  ↳ app/controllers/notices_controller.rb:8:in `index'
Completed 200 OK in 34ms (Views: 32.8ms | ActiveRecord: 0.5ms | Allocations: 14278)


Started GET "/notices" for ::1 at 2020-01-29 19:56:39 +0800
Processing by NoticesController#index as */*
  [1m[36mNotice Load (1.2ms)[0m  [1m[34mSELECT "notices".* FROM "notices"[0m
  ↳ app/controllers/notices_controller.rb:8:in `index'
Completed 200 OK in 24ms (Views: 22.2ms | ActiveRecord: 1.2ms | Allocations: 14278)


Started GET "/notices" for ::1 at 2020-01-29 20:00:07 +0800
Processing by NoticesController#index as */*
  [1m[36mNotice Load (0.5ms)[0m  [1m[34mSELECT "notices".* FROM "notices"[0m
  ↳ app/controllers/notices_controller.rb:6:in `index'
Completed 200 OK in 72ms (Views: 37.1ms | ActiveRecord: 14.8ms | Allocations: 18165)


Started GET "/notices" for ::1 at 2020-01-29 20:00:07 +0800
Processing by NoticesController#index as */*
  [1m[36mNotice Load (1.7ms)[0m  [1m[34mSELECT "notices".* FROM "notices"[0m
  ↳ app/controllers/notices_controller.rb:6:in `index'
Completed 200 OK in 75ms (Views: 66.8ms | ActiveRecord: 1.7ms | Allocations: 14112)


Started GET "/notices" for ::1 at 2020-01-29 20:01:19 +0800
Processing by NoticesController#index as */*
  [1m[36mNotice Load (1.3ms)[0m  [1m[34mSELECT "notices".* FROM "notices"[0m
  ↳ app/controllers/notices_controller.rb:6:in `index'
Completed 200 OK in 49ms (Views: 42.0ms | ActiveRecord: 1.3ms | Allocations: 14112)


Started GET "/notices" for ::1 at 2020-01-29 20:01:19 +0800
Processing by NoticesController#index as */*
  [1m[36mNotice Load (2.1ms)[0m  [1m[34mSELECT "notices".* FROM "notices"[0m
  ↳ app/controllers/notices_controller.rb:6:in `index'
Completed 200 OK in 103ms (Views: 86.3ms | ActiveRecord: 2.1ms | Allocations: 14112)


Started GET "/notices" for ::1 at 2020-01-29 20:05:15 +0800
Processing by NoticesController#index as */*
  [1m[36mNotice Load (0.7ms)[0m  [1m[34mSELECT "notices".* FROM "notices"[0m
  ↳ app/controllers/notices_controller.rb:6:in `index'
Completed 200 OK in 37ms (Views: 27.2ms | ActiveRecord: 0.7ms | Allocations: 14115)


Started GET "/notices" for ::1 at 2020-01-29 20:05:16 +0800
Processing by NoticesController#index as */*
  [1m[36mNotice Load (0.6ms)[0m  [1m[34mSELECT "notices".* FROM "notices"[0m
  ↳ app/controllers/notices_controller.rb:6:in `index'
Completed 200 OK in 23ms (Views: 17.7ms | ActiveRecord: 0.6ms | Allocations: 14112)


Started GET "/notices" for ::1 at 2020-01-29 20:07:03 +0800
Processing by NoticesController#index as */*
  [1m[36mNotice Load (0.7ms)[0m  [1m[34mSELECT "notices".* FROM "notices"[0m
  ↳ app/controllers/notices_controller.rb:6:in `index'
Completed 200 OK in 27ms (Views: 19.9ms | ActiveRecord: 0.7ms | Allocations: 14112)


Started GET "/notices" for ::1 at 2020-01-29 20:07:04 +0800
Processing by NoticesController#index as */*
  [1m[36mNotice Load (0.7ms)[0m  [1m[34mSELECT "notices".* FROM "notices"[0m
  ↳ app/controllers/notices_controller.rb:6:in `index'
Completed 200 OK in 24ms (Views: 15.7ms | ActiveRecord: 0.7ms | Allocations: 14112)


Started GET "/notices" for ::1 at 2020-01-29 20:08:32 +0800
Processing by NoticesController#index as */*
  [1m[36mNotice Load (0.5ms)[0m  [1m[34mSELECT "notices".* FROM "notices"[0m
  ↳ app/controllers/notices_controller.rb:6:in `index'
Completed 200 OK in 49ms (Views: 44.2ms | ActiveRecord: 0.5ms | Allocations: 14115)


Started GET "/notices" for ::1 at 2020-01-29 20:08:33 +0800
Processing by NoticesController#index as */*
  [1m[36mNotice Load (0.8ms)[0m  [1m[34mSELECT "notices".* FROM "notices"[0m
  ↳ app/controllers/notices_controller.rb:6:in `index'
Completed 200 OK in 31ms (Views: 23.9ms | ActiveRecord: 0.8ms | Allocations: 14112)


Started GET "/notices" for ::1 at 2020-01-29 20:09:09 +0800
Processing by NoticesController#index as */*
  [1m[36mNotice Load (0.8ms)[0m  [1m[34mSELECT "notices".* FROM "notices"[0m
  ↳ app/controllers/notices_controller.rb:6:in `index'
Completed 200 OK in 30ms (Views: 22.3ms | ActiveRecord: 0.8ms | Allocations: 14112)


Started GET "/notices" for ::1 at 2020-01-29 20:09:09 +0800
Processing by NoticesController#index as */*
  [1m[36mNotice Load (0.5ms)[0m  [1m[34mSELECT "notices".* FROM "notices"[0m
  ↳ app/controllers/notices_controller.rb:6:in `index'
Completed 200 OK in 29ms (Views: 20.9ms | ActiveRecord: 0.5ms | Allocations: 14112)


Started GET "/notices" for ::1 at 2020-01-29 20:10:14 +0800
Processing by NoticesController#index as */*
  [1m[36mNotice Load (0.4ms)[0m  [1m[34mSELECT "notices".* FROM "notices"[0m
  ↳ app/controllers/notices_controller.rb:6:in `index'
Completed 200 OK in 31ms (Views: 26.7ms | ActiveRecord: 0.4ms | Allocations: 14115)


Started GET "/notices" for ::1 at 2020-01-29 20:10:14 +0800
Processing by NoticesController#index as */*
  [1m[36mNotice Load (0.9ms)[0m  [1m[34mSELECT "notices".* FROM "notices"[0m
  ↳ app/controllers/notices_controller.rb:6:in `index'
Completed 200 OK in 32ms (Views: 17.8ms | ActiveRecord: 0.9ms | Allocations: 14112)


Started GET "/notices" for ::1 at 2020-01-29 20:12:28 +0800
Processing by NoticesController#index as */*
  [1m[36mNotice Load (0.5ms)[0m  [1m[34mSELECT "notices".* FROM "notices"[0m
  ↳ app/controllers/notices_controller.rb:6:in `index'
Completed 200 OK in 24ms (Views: 18.3ms | ActiveRecord: 0.5ms | Allocations: 14112)


Started GET "/notices" for ::1 at 2020-01-29 20:12:28 +0800
Processing by NoticesController#index as */*
  [1m[36mNotice Load (0.6ms)[0m  [1m[34mSELECT "notices".* FROM "notices"[0m
  ↳ app/controllers/notices_controller.rb:6:in `index'
Completed 200 OK in 31ms (Views: 19.7ms | ActiveRecord: 0.6ms | Allocations: 14112)


Started GET "/notices" for ::1 at 2020-01-29 20:12:38 +0800
Processing by NoticesController#index as */*
  [1m[36mNotice Load (0.5ms)[0m  [1m[34mSELECT "notices".* FROM "notices"[0m
  ↳ app/controllers/notices_controller.rb:6:in `index'
Completed 200 OK in 22ms (Views: 15.8ms | ActiveRecord: 0.5ms | Allocations: 14112)


Started GET "/notices" for ::1 at 2020-01-29 20:12:39 +0800
Processing by NoticesController#index as */*
  [1m[36mNotice Load (0.4ms)[0m  [1m[34mSELECT "notices".* FROM "notices"[0m
  ↳ app/controllers/notices_controller.rb:6:in `index'
Completed 200 OK in 26ms (Views: 20.5ms | ActiveRecord: 0.4ms | Allocations: 14112)


Started GET "/notices" for ::1 at 2020-01-29 20:13:43 +0800
Processing by NoticesController#index as */*
  [1m[36mNotice Load (0.4ms)[0m  [1m[34mSELECT "notices".* FROM "notices"[0m
  ↳ app/controllers/notices_controller.rb:6:in `index'
Completed 200 OK in 24ms (Views: 18.2ms | ActiveRecord: 0.4ms | Allocations: 14112)


Started GET "/notices" for ::1 at 2020-01-29 20:13:43 +0800
Processing by NoticesController#index as */*
  [1m[36mNotice Load (0.5ms)[0m  [1m[34mSELECT "notices".* FROM "notices"[0m
  ↳ app/controllers/notices_controller.rb:6:in `index'
Completed 200 OK in 31ms (Views: 26.3ms | ActiveRecord: 0.5ms | Allocations: 14112)


Started POST "/notices" for ::1 at 2020-01-29 20:13:47 +0800
Processing by NoticesController#create as HTML
  Parameters: {"author"=>"joyjoy", "content"=>"My name is lorem ipsum", "title"=>"Daredevil Discs", "notice"=>{"title"=>"Daredevil Discs", "author"=>"joyjoy", "content"=>"My name is lorem ipsum"}}
  [1m[35m (2.5ms)[0m  [1m[35mBEGIN[0m
  ↳ app/controllers/notices_controller.rb:20:in `create'
  [1m[36mNotice Create (77.2ms)[0m  [1m[32mINSERT INTO "notices" ("title", "author", "content", "created_at", "updated_at") VALUES ($1, $2, $3, $4, $5) RETURNING "id"[0m  [["title", "Daredevil Discs"], ["author", "joyjoy"], ["content", "My name is lorem ipsum"], ["created_at", "2020-01-29 12:13:47.849436"], ["updated_at", "2020-01-29 12:13:47.849436"]]
  ↳ app/controllers/notices_controller.rb:20:in `create'
  [1m[35m (5.0ms)[0m  [1m[35mCOMMIT[0m
  ↳ app/controllers/notices_controller.rb:20:in `create'
Completed 201 Created in 95ms (Views: 1.0ms | ActiveRecord: 84.7ms | Allocations: 2609)


Started GET "/notices" for ::1 at 2020-01-29 20:13:48 +0800
Processing by NoticesController#index as */*
  [1m[36mNotice Load (0.5ms)[0m  [1m[34mSELECT "notices".* FROM "notices"[0m
  ↳ app/controllers/notices_controller.rb:6:in `index'
Completed 200 OK in 21ms (Views: 13.9ms | ActiveRecord: 0.5ms | Allocations: 14243)


Started GET "/notices" for ::1 at 2020-01-29 20:13:48 +0800
Processing by NoticesController#index as */*
  [1m[36mNotice Load (0.4ms)[0m  [1m[34mSELECT "notices".* FROM "notices"[0m
  ↳ app/controllers/notices_controller.rb:6:in `index'
Completed 200 OK in 34ms (Views: 28.3ms | ActiveRecord: 0.4ms | Allocations: 14246)


Started GET "/notices" for ::1 at 2020-01-29 20:14:24 +0800
Processing by NoticesController#index as */*
  [1m[36mNotice Load (0.5ms)[0m  [1m[34mSELECT "notices".* FROM "notices"[0m
  ↳ app/controllers/notices_controller.rb:6:in `index'
Completed 200 OK in 18ms (Views: 11.8ms | ActiveRecord: 0.5ms | Allocations: 14243)


Started GET "/notices" for ::1 at 2020-01-29 20:14:24 +0800
Processing by NoticesController#index as */*
  [1m[36mNotice Load (0.9ms)[0m  [1m[34mSELECT "notices".* FROM "notices"[0m
  ↳ app/controllers/notices_controller.rb:6:in `index'
Completed 200 OK in 21ms (Views: 15.0ms | ActiveRecord: 0.9ms | Allocations: 14243)


Started GET "/notices" for ::1 at 2020-01-29 20:14:33 +0800
Processing by NoticesController#index as */*
  [1m[36mNotice Load (0.3ms)[0m  [1m[34mSELECT "notices".* FROM "notices"[0m
  ↳ app/controllers/notices_controller.rb:6:in `index'
Completed 200 OK in 13ms (Views: 9.5ms | ActiveRecord: 0.3ms | Allocations: 14243)


Started GET "/notices" for ::1 at 2020-01-29 20:14:33 +0800
Processing by NoticesController#index as */*
  [1m[36mNotice Load (0.4ms)[0m  [1m[34mSELECT "notices".* FROM "notices"[0m
  ↳ app/controllers/notices_controller.rb:6:in `index'
Completed 200 OK in 14ms (Views: 9.5ms | ActiveRecord: 0.4ms | Allocations: 14243)


Started GET "/notices" for ::1 at 2020-01-29 20:15:11 +0800
Processing by NoticesController#index as */*
  [1m[36mNotice Load (0.3ms)[0m  [1m[34mSELECT "notices".* FROM "notices"[0m
  ↳ app/controllers/notices_controller.rb:6:in `index'
Completed 200 OK in 16ms (Views: 12.3ms | ActiveRecord: 0.3ms | Allocations: 14243)


Started GET "/notices" for ::1 at 2020-01-29 20:15:11 +0800
Processing by NoticesController#index as */*
  [1m[36mNotice Load (0.8ms)[0m  [1m[34mSELECT "notices".* FROM "notices"[0m
  ↳ app/controllers/notices_controller.rb:6:in `index'
Completed 200 OK in 20ms (Views: 14.1ms | ActiveRecord: 0.8ms | Allocations: 14243)


Started GET "/notices" for ::1 at 2020-01-29 20:17:11 +0800
Processing by NoticesController#index as */*
  [1m[36mNotice Load (1.7ms)[0m  [1m[34mSELECT "notices".* FROM "notices"[0m
  ↳ app/controllers/notices_controller.rb:6:in `index'
Completed 200 OK in 40ms (Views: 21.8ms | ActiveRecord: 7.1ms | Allocations: 18247)


Started GET "/notices" for ::1 at 2020-01-29 20:17:11 +0800
Processing by NoticesController#index as */*
  [1m[36mNotice Load (0.4ms)[0m  [1m[34mSELECT "notices".* FROM "notices"[0m
  ↳ app/controllers/notices_controller.rb:6:in `index'
Completed 200 OK in 16ms (Views: 12.5ms | ActiveRecord: 0.4ms | Allocations: 14243)


Started GET "/notices" for ::1 at 2020-01-29 20:17:20 +0800
Processing by NoticesController#index as */*
  [1m[36mNotice Load (0.4ms)[0m  [1m[34mSELECT "notices".* FROM "notices"[0m
  ↳ app/controllers/notices_controller.rb:6:in `index'
Completed 200 OK in 19ms (Views: 13.6ms | ActiveRecord: 0.4ms | Allocations: 14243)


Started GET "/notices" for ::1 at 2020-01-29 20:17:20 +0800
Processing by NoticesController#index as */*
  [1m[36mNotice Load (0.4ms)[0m  [1m[34mSELECT "notices".* FROM "notices"[0m
  ↳ app/controllers/notices_controller.rb:6:in `index'
Completed 200 OK in 23ms (Views: 17.3ms | ActiveRecord: 0.4ms | Allocations: 14243)


Started GET "/notices" for ::1 at 2020-01-29 20:24:22 +0800
Processing by NoticesController#index as */*
  [1m[36mNotice Load (1.3ms)[0m  [1m[34mSELECT "notices".* FROM "notices"[0m
  ↳ app/controllers/notices_controller.rb:6:in `index'
Completed 200 OK in 36ms (Views: 27.7ms | ActiveRecord: 1.3ms | Allocations: 14301)


Started GET "/notices" for ::1 at 2020-01-29 20:24:22 +0800
Processing by NoticesController#index as */*
  [1m[36mNotice Load (0.5ms)[0m  [1m[34mSELECT "notices".* FROM "notices"[0m
  ↳ app/controllers/notices_controller.rb:6:in `index'
Completed 200 OK in 24ms (Views: 18.2ms | ActiveRecord: 0.5ms | Allocations: 14243)


Started GET "/notices" for ::1 at 2020-01-29 20:25:34 +0800
Processing by NoticesController#index as */*
  [1m[36mNotice Load (0.5ms)[0m  [1m[34mSELECT "notices".* FROM "notices"[0m
  ↳ app/controllers/notices_controller.rb:6:in `index'
Completed 200 OK in 17ms (Views: 13.4ms | ActiveRecord: 0.5ms | Allocations: 14243)


Started GET "/notices" for ::1 at 2020-01-29 20:25:34 +0800
Processing by NoticesController#index as */*
  [1m[36mNotice Load (0.5ms)[0m  [1m[34mSELECT "notices".* FROM "notices"[0m
  ↳ app/controllers/notices_controller.rb:6:in `index'
Completed 200 OK in 45ms (Views: 39.5ms | ActiveRecord: 0.5ms | Allocations: 14246)


Started GET "/notices" for ::1 at 2020-01-29 20:26:06 +0800
Processing by NoticesController#index as */*
  [1m[36mNotice Load (0.3ms)[0m  [1m[34mSELECT "notices".* FROM "notices"[0m
  ↳ app/controllers/notices_controller.rb:6:in `index'
Completed 200 OK in 13ms (Views: 10.4ms | ActiveRecord: 0.3ms | Allocations: 14243)


Started POST "/notices" for ::1 at 2020-01-29 20:26:15 +0800
Processing by NoticesController#create as HTML
  Parameters: {"author"=>"admin", "content"=>"dsff", "title"=>"Daredevil Discs", "notice"=>{"title"=>"Daredevil Discs", "author"=>"admin", "content"=>"dsff"}}
  [1m[35m (0.3ms)[0m  [1m[35mBEGIN[0m
  ↳ app/controllers/notices_controller.rb:20:in `create'
  [1m[36mNotice Create (1.2ms)[0m  [1m[32mINSERT INTO "notices" ("title", "author", "content", "created_at", "updated_at") VALUES ($1, $2, $3, $4, $5) RETURNING "id"[0m  [["title", "Daredevil Discs"], ["author", "admin"], ["content", "dsff"], ["created_at", "2020-01-29 12:26:15.307373"], ["updated_at", "2020-01-29 12:26:15.307373"]]
  ↳ app/controllers/notices_controller.rb:20:in `create'
  [1m[35m (1.6ms)[0m  [1m[35mCOMMIT[0m
  ↳ app/controllers/notices_controller.rb:20:in `create'
Completed 201 Created in 10ms (Views: 1.2ms | ActiveRecord: 3.1ms | Allocations: 2408)


Started GET "/notices" for ::1 at 2020-01-29 20:27:01 +0800
Processing by NoticesController#index as */*
  [1m[36mNotice Load (0.4ms)[0m  [1m[34mSELECT "notices".* FROM "notices"[0m
  ↳ app/controllers/notices_controller.rb:6:in `index'
Completed 200 OK in 16ms (Views: 11.5ms | ActiveRecord: 0.4ms | Allocations: 14374)


Started GET "/notices" for ::1 at 2020-01-29 20:32:21 +0800
Processing by NoticesController#index as */*
  [1m[36mNotice Load (0.7ms)[0m  [1m[34mSELECT "notices".* FROM "notices"[0m
  ↳ app/controllers/notices_controller.rb:6:in `index'
Completed 200 OK in 23ms (Views: 17.3ms | ActiveRecord: 0.7ms | Allocations: 14374)


Started POST "/notices" for ::1 at 2020-01-29 20:32:28 +0800
Processing by NoticesController#create as HTML
  Parameters: {"author"=>"joyjoy", "content"=>"My name is lorem ipsum", "title"=>"Daredevil Discs", "notice"=>{"title"=>"Daredevil Discs", "author"=>"joyjoy", "content"=>"My name is lorem ipsum"}}
  [1m[35m (1.3ms)[0m  [1m[35mBEGIN[0m
  ↳ app/controllers/notices_controller.rb:20:in `create'
  [1m[36mNotice Create (4.4ms)[0m  [1m[32mINSERT INTO "notices" ("title", "author", "content", "created_at", "updated_at") VALUES ($1, $2, $3, $4, $5) RETURNING "id"[0m  [["title", "Daredevil Discs"], ["author", "joyjoy"], ["content", "My name is lorem ipsum"], ["created_at", "2020-01-29 12:32:28.452810"], ["updated_at", "2020-01-29 12:32:28.452810"]]
  ↳ app/controllers/notices_controller.rb:20:in `create'
  [1m[35m (2.2ms)[0m  [1m[35mCOMMIT[0m
  ↳ app/controllers/notices_controller.rb:20:in `create'
Completed 201 Created in 16ms (Views: 1.2ms | ActiveRecord: 7.9ms | Allocations: 2344)


Started GET "/notices" for ::1 at 2020-01-29 20:32:28 +0800
Processing by NoticesController#index as */*
  [1m[36mNotice Load (0.5ms)[0m  [1m[34mSELECT "notices".* FROM "notices"[0m
  ↳ app/controllers/notices_controller.rb:6:in `index'
Completed 200 OK in 24ms (Views: 20.4ms | ActiveRecord: 0.5ms | Allocations: 14505)


Started GET "/notices" for ::1 at 2020-01-29 20:32:59 +0800
Processing by NoticesController#index as */*
  [1m[36mNotice Load (0.5ms)[0m  [1m[34mSELECT "notices".* FROM "notices"[0m
  ↳ app/controllers/notices_controller.rb:6:in `index'
Completed 200 OK in 25ms (Views: 19.2ms | ActiveRecord: 0.5ms | Allocations: 14505)


Started POST "/notices" for ::1 at 2020-01-29 20:33:13 +0800
Processing by NoticesController#create as HTML
  Parameters: {"author"=>"Zachary", "content"=>"My name is lorem ipsum", "title"=>"Daredevil Discs", "notice"=>{"title"=>"Daredevil Discs", "author"=>"Zachary", "content"=>"My name is lorem ipsum"}}
  [1m[35m (0.4ms)[0m  [1m[35mBEGIN[0m
  ↳ app/controllers/notices_controller.rb:20:in `create'
  [1m[36mNotice Create (0.4ms)[0m  [1m[32mINSERT INTO "notices" ("title", "author", "content", "created_at", "updated_at") VALUES ($1, $2, $3, $4, $5) RETURNING "id"[0m  [["title", "Daredevil Discs"], ["author", "Zachary"], ["content", "My name is lorem ipsum"], ["created_at", "2020-01-29 12:33:13.034262"], ["updated_at", "2020-01-29 12:33:13.034262"]]
  ↳ app/controllers/notices_controller.rb:20:in `create'
  [1m[35m (0.4ms)[0m  [1m[35mCOMMIT[0m
  ↳ app/controllers/notices_controller.rb:20:in `create'
Completed 201 Created in 7ms (Views: 0.5ms | ActiveRecord: 1.1ms | Allocations: 2346)


Started GET "/notices" for ::1 at 2020-01-29 20:36:54 +0800
  [1m[35m (1.9ms)[0m  [1m[34mSELECT "schema_migrations"."version" FROM "schema_migrations" ORDER BY "schema_migrations"."version" ASC[0m
Processing by NoticesController#index as */*
  [1m[36mNotice Load (0.8ms)[0m  [1m[34mSELECT "notices".* FROM "notices"[0m
  ↳ app/controllers/notices_controller.rb:6:in `index'
Completed 200 OK in 136ms (Views: 96.9ms | ActiveRecord: 11.1ms | Allocations: 19071)


Started POST "/notices" for ::1 at 2020-01-29 20:37:01 +0800
Processing by NoticesController#create as HTML
  Parameters: {"author"=>"joyjoy", "content"=>"content1", "title"=>"test", "notice"=>{"title"=>"test", "author"=>"joyjoy", "content"=>"content1"}}
  [1m[35m (1.0ms)[0m  [1m[35mBEGIN[0m
  ↳ app/controllers/notices_controller.rb:20:in `create'
  [1m[36mNotice Create (0.9ms)[0m  [1m[32mINSERT INTO "notices" ("title", "author", "content", "created_at", "updated_at") VALUES ($1, $2, $3, $4, $5) RETURNING "id"[0m  [["title", "test"], ["author", "joyjoy"], ["content", "content1"], ["created_at", "2020-01-29 12:37:01.359824"], ["updated_at", "2020-01-29 12:37:01.359824"]]
  ↳ app/controllers/notices_controller.rb:20:in `create'
  [1m[35m (1.0ms)[0m  [1m[35mCOMMIT[0m
  ↳ app/controllers/notices_controller.rb:20:in `create'
Completed 201 Created in 11ms (Views: 0.9ms | ActiveRecord: 2.8ms | Allocations: 2627)


Started GET "/notices" for ::1 at 2020-01-29 20:39:48 +0800
Processing by NoticesController#index as */*
  [1m[36mNotice Load (0.5ms)[0m  [1m[34mSELECT "notices".* FROM "notices"[0m
  ↳ app/controllers/notices_controller.rb:6:in `index'
Completed 200 OK in 22ms (Views: 16.3ms | ActiveRecord: 0.5ms | Allocations: 14785)


Started POST "/notices" for ::1 at 2020-01-29 20:39:53 +0800
Processing by NoticesController#create as HTML
  Parameters: {"author"=>"joyjoy", "content"=>"My name is lorem ipsum", "title"=>"Daredevil Discs", "notice"=>{"title"=>"Daredevil Discs", "author"=>"joyjoy", "content"=>"My name is lorem ipsum"}}
  [1m[35m (0.3ms)[0m  [1m[35mBEGIN[0m
  ↳ app/controllers/notices_controller.rb:20:in `create'
  [1m[36mNotice Create (0.5ms)[0m  [1m[32mINSERT INTO "notices" ("title", "author", "content", "created_at", "updated_at") VALUES ($1, $2, $3, $4, $5) RETURNING "id"[0m  [["title", "Daredevil Discs"], ["author", "joyjoy"], ["content", "My name is lorem ipsum"], ["created_at", "2020-01-29 12:39:53.069539"], ["updated_at", "2020-01-29 12:39:53.069539"]]
  ↳ app/controllers/notices_controller.rb:20:in `create'
  [1m[35m (0.5ms)[0m  [1m[35mCOMMIT[0m
  ↳ app/controllers/notices_controller.rb:20:in `create'
Completed 201 Created in 8ms (Views: 0.7ms | ActiveRecord: 1.3ms | Allocations: 2362)


Started POST "/notices" for ::1 at 2020-01-29 20:40:07 +0800
  [1m[35m (0.7ms)[0m  [1m[34mSELECT "schema_migrations"."version" FROM "schema_migrations" ORDER BY "schema_migrations"."version" ASC[0m
Processing by NoticesController#create as HTML
  Parameters: {"author"=>"joyjoy", "content"=>"My name is lorem ipsum", "title"=>"Daredevil Discs", "notice"=>{"title"=>"Daredevil Discs", "author"=>"joyjoy", "content"=>"My name is lorem ipsum"}}
  [1m[35m (0.2ms)[0m  [1m[35mBEGIN[0m
  ↳ app/controllers/notices_controller.rb:20:in `create'
  [1m[36mNotice Create (0.7ms)[0m  [1m[32mINSERT INTO "notices" ("title", "author", "content", "created_at", "updated_at") VALUES ($1, $2, $3, $4, $5) RETURNING "id"[0m  [["title", "Daredevil Discs"], ["author", "joyjoy"], ["content", "My name is lorem ipsum"], ["created_at", "2020-01-29 12:40:08.035917"], ["updated_at", "2020-01-29 12:40:08.035917"]]
  ↳ app/controllers/notices_controller.rb:20:in `create'
  [1m[35m (0.6ms)[0m  [1m[35mCOMMIT[0m
  ↳ app/controllers/notices_controller.rb:20:in `create'
Completed 201 Created in 15ms (Views: 0.9ms | ActiveRecord: 6.2ms | Allocations: 6261)


Started GET "/notices" for ::1 at 2020-01-29 20:41:30 +0800
  [1m[35m (1.2ms)[0m  [1m[34mSELECT "schema_migrations"."version" FROM "schema_migrations" ORDER BY "schema_migrations"."version" ASC[0m
Processing by NoticesController#index as */*
  [1m[36mNotice Load (1.5ms)[0m  [1m[34mSELECT "notices".* FROM "notices"[0m
  ↳ app/controllers/notices_controller.rb:6:in `index'
Completed 200 OK in 76ms (Views: 37.5ms | ActiveRecord: 7.1ms | Allocations: 19464)


Started POST "/notices" for ::1 at 2020-01-29 20:42:59 +0800
Processing by NoticesController#create as HTML
  Parameters: {"author"=>"joyjoyaee", "content"=>"aaaaaaaa", "title"=>"aaaaa", "notice"=>{"title"=>"aaaaa", "author"=>"joyjoyaee", "content"=>"aaaaaaaa"}}
  [1m[35m (0.2ms)[0m  [1m[35mBEGIN[0m
  ↳ app/controllers/notices_controller.rb:20:in `create'
  [1m[36mNotice Create (0.6ms)[0m  [1m[32mINSERT INTO "notices" ("title", "author", "content", "created_at", "updated_at") VALUES ($1, $2, $3, $4, $5) RETURNING "id"[0m  [["title", "aaaaa"], ["author", "joyjoyaee"], ["content", "aaaaaaaa"], ["created_at", "2020-01-29 12:42:59.387903"], ["updated_at", "2020-01-29 12:42:59.387903"]]
  ↳ app/controllers/notices_controller.rb:20:in `create'
  [1m[35m (0.5ms)[0m  [1m[35mCOMMIT[0m
  ↳ app/controllers/notices_controller.rb:20:in `create'
Completed 201 Created in 8ms (Views: 0.9ms | ActiveRecord: 1.3ms | Allocations: 2627)


Started GET "/notices" for ::1 at 2020-01-29 20:43:41 +0800
  [1m[35m (39.4ms)[0m  [1m[34mSELECT "schema_migrations"."version" FROM "schema_migrations" ORDER BY "schema_migrations"."version" ASC[0m
Processing by NoticesController#index as */*
  [1m[36mNotice Load (1.5ms)[0m  [1m[34mSELECT "notices".* FROM "notices"[0m
  ↳ app/controllers/notices_controller.rb:6:in `index'
Completed 200 OK in 82ms (Views: 23.9ms | ActiveRecord: 17.0ms | Allocations: 19595)


Started POST "/notices" for ::1 at 2020-01-29 20:43:46 +0800
Processing by NoticesController#create as HTML
  Parameters: {"author"=>"Zachary", "content"=>"My name is lorem ipsum", "title"=>"Apparel", "notice"=>{"title"=>"Apparel", "author"=>"Zachary", "content"=>"My name is lorem ipsum"}}
  [1m[35m (0.2ms)[0m  [1m[35mBEGIN[0m
  ↳ app/controllers/notices_controller.rb:20:in `create'
  [1m[36mNotice Create (0.8ms)[0m  [1m[32mINSERT INTO "notices" ("title", "author", "content", "created_at", "updated_at") VALUES ($1, $2, $3, $4, $5) RETURNING "id"[0m  [["title", "Apparel"], ["author", "Zachary"], ["content", "My name is lorem ipsum"], ["created_at", "2020-01-29 12:43:46.732462"], ["updated_at", "2020-01-29 12:43:46.732462"]]
  ↳ app/controllers/notices_controller.rb:20:in `create'
  [1m[35m (0.5ms)[0m  [1m[35mCOMMIT[0m
  ↳ app/controllers/notices_controller.rb:20:in `create'
Completed 201 Created in 9ms (Views: 0.8ms | ActiveRecord: 1.6ms | Allocations: 2627)


Started GET "/notices" for ::1 at 2020-01-29 20:44:09 +0800
Processing by NoticesController#index as */*
  [1m[36mNotice Load (0.5ms)[0m  [1m[34mSELECT "notices".* FROM "notices"[0m
  ↳ app/controllers/notices_controller.rb:6:in `index'
Completed 200 OK in 16ms (Views: 9.7ms | ActiveRecord: 0.5ms | Allocations: 15309)


Started GET "/notices" for ::1 at 2020-01-29 20:45:07 +0800
Processing by NoticesController#index as */*
  [1m[36mNotice Load (0.6ms)[0m  [1m[34mSELECT "notices".* FROM "notices"[0m
  ↳ app/controllers/notices_controller.rb:6:in `index'
Completed 200 OK in 17ms (Views: 12.1ms | ActiveRecord: 0.6ms | Allocations: 15291)


Started GET "/" for ::1 at 2020-01-29 20:56:06 +0800
  [1m[35m (3.9ms)[0m  [1m[34mSELECT "schema_migrations"."version" FROM "schema_migrations" ORDER BY "schema_migrations"."version" ASC[0m
Processing by WelcomeController#index as HTML
Completed 200 OK in 1ms (Views: 0.3ms | ActiveRecord: 0.0ms | Allocations: 177)


Started GET "/favicon.ico" for ::1 at 2020-01-29 20:56:07 +0800
  
ActionController::RoutingError (No route matches [GET] "/favicon.ico"):
  
actionpack (6.0.2.1) lib/action_dispatch/middleware/debug_exceptions.rb:36:in `call'
actionpack (6.0.2.1) lib/action_dispatch/middleware/show_exceptions.rb:33:in `call'
railties (6.0.2.1) lib/rails/rack/logger.rb:38:in `call_app'
railties (6.0.2.1) lib/rails/rack/logger.rb:26:in `block in call'
activesupport (6.0.2.1) lib/active_support/tagged_logging.rb:80:in `block in tagged'
activesupport (6.0.2.1) lib/active_support/tagged_logging.rb:28:in `tagged'
activesupport (6.0.2.1) lib/active_support/tagged_logging.rb:80:in `tagged'
railties (6.0.2.1) lib/rails/rack/logger.rb:26:in `call'
actionpack (6.0.2.1) lib/action_dispatch/middleware/remote_ip.rb:81:in `call'
actionpack (6.0.2.1) lib/action_dispatch/middleware/request_id.rb:27:in `call'
rack (2.1.2) lib/rack/runtime.rb:24:in `call'
activesupport (6.0.2.1) lib/active_support/cache/strategy/local_cache_middleware.rb:29:in `call'
actionpack (6.0.2.1) lib/action_dispatch/middleware/executor.rb:14:in `call'
actionpack (6.0.2.1) lib/action_dispatch/middleware/static.rb:126:in `call'
rack (2.1.2) lib/rack/sendfile.rb:113:in `call'
actionpack (6.0.2.1) lib/action_dispatch/middleware/host_authorization.rb:83:in `call'
rack-cors (1.1.1) lib/rack/cors.rb:100:in `call'
railties (6.0.2.1) lib/rails/engine.rb:526:in `call'
puma (4.3.1) lib/puma/configuration.rb:228:in `call'
puma (4.3.1) lib/puma/server.rb:681:in `handle_request'
puma (4.3.1) lib/puma/server.rb:472:in `process_client'
puma (4.3.1) lib/puma/server.rb:328:in `block in run'
puma (4.3.1) lib/puma/thread_pool.rb:134:in `block in spawn_thread'
